(256, 256, 3, 3)
(100000,)
49978 100000 0.49978
negativeFrac:0.50022
Pair: 0.05208291648325263 0.00016722761 6.608447702586157
Pair: 0.012625555244307494 0.001317963 6.521762391836708
Pair: 0.026891832406258753 0.0005985972 6.572847629728332
Pair: 0.009844331505862579 0.0017120636 6.432735812960496
Pair: 0.14742486694145424 1.0448188e-05 6.479648415858525
Pair: 0.019628636600104044 0.00096202374 6.538232661424121
Pair: 0.036556084677257995 0.00036392815 6.592539414218038
Pair: 0.022730001200528233 0.0007319747 6.547845955988223
Pair: 0.016007043098963544 0.0011342284 6.539220885736675
Pair: 0.0085837768618192 0.0018183414 6.424603175695443
Pair: 0.031093681219736685 0.00047534675 6.5841760009510715
Pair: 0.01124494777702189 0.0015109461 6.446856779430346
Pair: 0.042338628996758575 0.00026045484 6.608734819194511
Pair: 0.07083116571291369 8.361117e-05 6.614612871647929
Pair: 0.020629076793789267 0.00088360516 6.570737247102823
Pair: 0.09043979350914402 4.4396962e-05 6.612554387165544
Pair: 0.0077634159029973185 0.0019226477 6.40008084818033
Pair: 0.015226699747889072 0.0012279628 6.526342939396655
Pair: 0.010864780503421505 0.0016083394 6.5060836997495946
Pair: 0.01860818760254512 0.0010451037 6.553640583775088
Pair: 0.023370282924486774 0.0006653965 6.57007685206447
Pair: 0.029472968105966627 0.00053435174 6.599335178400331
Pair: 0.021929649045580056 0.00080401637 6.57686805893367
Pair: 0.047480891592300616 0.00021189042 6.600711396452199
Pair: 0.06136700148065149 0.00012491725 6.621241527335252
Pair: 0.040577854255872584 0.00031091034 6.608673565463204
Pair: 0.013045740125655288 0.0014137577 6.485364990425343
Pair: 0.034375125055024214 0.00041733353 6.59304230495999
Pair: 0.006963063748049142 0.002031176 6.423657446263043
before norm [6.47964842 6.61255439 6.61461287 6.62124153 6.6084477  6.6007114
 6.60873482 6.60867357 6.59253941 6.5930423  6.584176   6.59933518
 6.57284763 6.57007685 6.54784596 6.57686806 6.57073725 6.53823266
 6.55364058 6.53922089 6.52634294 6.52176239 6.48536499 6.44685678
 6.5060837  6.43273581 6.42460318 6.40008085 6.42365745 3.87404071]
centersum 0.0020879786228761065, density sum 0.4997799999999999, entropy sum 193.63471624920717, centers [1.04481878e-05 4.43969620e-05 8.36111722e-05 1.24917249e-04
 1.67227612e-04 2.11890423e-04 2.60454835e-04 3.10910342e-04
 3.63928149e-04 4.17333533e-04 4.75346751e-04 5.34351740e-04
 5.98597224e-04 6.65396510e-04 7.31974724e-04 8.04016367e-04
 8.83605157e-04 9.62023740e-04 1.04510365e-03 1.13422843e-03
 1.22796278e-03 1.31796300e-03 1.41375768e-03 1.51094608e-03
 1.60833937e-03 1.71206356e-03 1.81834144e-03 1.92264770e-03
 2.03117589e-03 2.08797862e-03], density [0.14742487 0.09043979 0.07083117 0.061367   0.05208292 0.04748089
 0.04233863 0.04057785 0.03655608 0.03437513 0.03109368 0.02947297
 0.02689183 0.02337028 0.02273    0.02192965 0.02062908 0.01962864
 0.01860819 0.01600704 0.0152267  0.01262556 0.01304574 0.01124495
 0.01086478 0.00984433 0.00858378 0.00776342 0.00696306 0.050002  ], entropy [0.03346326 0.03414963 0.03416026 0.0341945  0.03412842 0.03408847
 0.03412991 0.03412959 0.03404627 0.03404886 0.03400308 0.03408136
 0.03394457 0.03393026 0.03381545 0.03396534 0.03393367 0.03376581
 0.03384538 0.03377091 0.03370441 0.03368075 0.03349278 0.03329391
 0.03359978 0.03322098 0.03317898 0.03305234 0.0331741  0.02000695]
positiveclusterCenters [1.04481878e-05 4.43969620e-05 8.36111722e-05 1.24917249e-04
 1.67227612e-04 2.11890423e-04 2.60454835e-04 3.10910342e-04
 3.63928149e-04 4.17333533e-04 4.75346751e-04 5.34351740e-04
 5.98597224e-04 6.65396510e-04 7.31974724e-04 8.04016367e-04
 8.83605157e-04 9.62023740e-04 1.04510365e-03 1.13422843e-03
 1.22796278e-03 1.31796300e-03 1.41375768e-03 1.51094608e-03
 1.60833937e-03 1.71206356e-03 1.81834144e-03 1.92264770e-03
 2.03117589e-03 2.08797862e-03], positiveclusterdensity [0.14742487 0.09043979 0.07083117 0.061367   0.05208292 0.04748089
 0.04233863 0.04057785 0.03655608 0.03437513 0.03109368 0.02947297
 0.02689183 0.02337028 0.02273    0.02192965 0.02062908 0.01962864
 0.01860819 0.01600704 0.0152267  0.01262556 0.01304574 0.01124495
 0.01086478 0.00984433 0.00858378 0.00776342 0.00696306 0.050002  ], positive entropy [0.03346326 0.03414963 0.03416026 0.0341945  0.03412842 0.03408847
 0.03412991 0.03412959 0.03404627 0.03404886 0.03400308 0.03408136
 0.03394457 0.03393026 0.03381545 0.03396534 0.03393367 0.03376581
 0.03384538 0.03377091 0.03370441 0.03368075 0.03349278 0.03329391
 0.03359978 0.03322098 0.03317898 0.03305234 0.0331741  0.02000695]
Pair: 0.03160609331893967 -0.00041155153 6.588734910983368
Pair: 0.015093358922074288 -0.0011853133 6.545997364568986
Pair: 0.07336771820399024 -8.047602e-05 6.621526636357409
Pair: 0.0102354963815921 -0.0016847248 6.481361793874181
Pair: 0.024189356683059455 -0.0007139272 6.56675539894305
Pair: 0.04084202950701691 -0.0002580015 6.597632920177831
Pair: 0.027268002079085203 -0.00058336905 6.571368403522791
Pair: 0.021610491383791133 -0.0008590596 6.558385286219957
Pair: 0.011994722322178242 -0.0014636334 6.521487494873346
Pair: 0.006057334772700012 -0.0020027612 6.392655125178641
Pair: 0.1487345567950102 -9.912124e-06 6.4716313894743465
Pair: 0.05433609211946743 -0.00016635357 6.624542851205378
Pair: 0.029646955339650553 -0.00046646866 6.581257195751383
Pair: 0.015773059853664388 -0.001096485 6.554132884506711
Pair: 0.011474951021550517 -0.0015681136 6.498397980686093
Pair: 0.00797649034424853 -0.0017910382 6.432729441069124
Pair: 0.0211506936947743 -0.000783853 6.570698476585344
Pair: 0.012834352884730718 -0.0012717335 6.512318213787058
Pair: 0.03840310263484067 -0.0003569656 6.592592786589105
Pair: 0.04659949622166247 -0.00021182992 6.608866849229081
Pair: 0.025868617808164407 -0.00064729917 6.57468845086857
Pair: 0.016492743192995082 -0.0010131933 6.5380069832838075
Pair: 0.0184118987645436 -0.0009343154 6.558204351290382
Pair: 0.08924073407700611 -4.2613043e-05 6.608230769939327
Pair: 0.029906840989964417 -0.00052374223 6.589937834220561
Pair: 0.062232617648234775 -0.00012208155 6.6194605230962225
Pair: 0.007236815801047539 -0.0018992823 6.357720546183902
Pair: 0.03874295310063572 -0.0003063296 6.595164795932512
Pair: 0.012654432049898044 -0.0013662762 6.521572405836533
before norm [3.98357069 6.39265513 6.35772055 6.43272944 6.48136179 6.49839798
 6.52148749 6.52157241 6.51231821 6.54599736 6.55413288 6.53800698
 6.55820435 6.55838529 6.57069848 6.5667554  6.57468845 6.5713684
 6.58993783 6.5812572  6.58873491 6.59259279 6.5951648  6.59763292
 6.60886685 6.62454285 6.61946052 6.62152664 6.60823077 6.47163139]
centersum 0.0020551754394546153, density sum 0.50022, entropy sum 193.83963075599536, centers [-2.05517544e-03 -2.00276123e-03 -1.89928233e-03 -1.79103820e-03
 -1.68472482e-03 -1.56811357e-03 -1.46363338e-03 -1.36627618e-03
 -1.27173355e-03 -1.18531333e-03 -1.09648495e-03 -1.01319328e-03
 -9.34315380e-04 -8.59059626e-04 -7.83853000e-04 -7.13927206e-04
 -6.47299166e-04 -5.83369052e-04 -5.23742230e-04 -4.66468657e-04
 -4.11551533e-04 -3.56965611e-04 -3.06329603e-04 -2.58001499e-04
 -2.11829916e-04 -1.66353566e-04 -1.22081547e-04 -8.04760202e-05
 -4.26130428e-05 -9.91212437e-06], density [0.05001799 0.00605733 0.00723682 0.00797649 0.0102355  0.01147495
 0.01199472 0.01265443 0.01283435 0.01509336 0.01577306 0.01649274
 0.0184119  0.02161049 0.02115069 0.02418936 0.02586862 0.027268
 0.02990684 0.02964696 0.03160609 0.0384031  0.03874295 0.04084203
 0.0465995  0.05433609 0.06223262 0.07336772 0.08924073 0.14873456], entropy [0.02055086 0.03297909 0.03279887 0.03318583 0.03343672 0.03352461
 0.03364373 0.03364416 0.03359642 0.03377017 0.03381214 0.03372895
 0.03383315 0.03383408 0.0338976  0.03387726 0.03391818 0.03390106
 0.03399686 0.03395207 0.03399065 0.03401055 0.03402382 0.03403655
 0.03409451 0.03417538 0.03414916 0.03415982 0.03409123 0.03338652]
nonpositiveclusterCenters [-2.05517544e-03 -2.00276123e-03 -1.89928233e-03 -1.79103820e-03
 -1.68472482e-03 -1.56811357e-03 -1.46363338e-03 -1.36627618e-03
 -1.27173355e-03 -1.18531333e-03 -1.09648495e-03 -1.01319328e-03
 -9.34315380e-04 -8.59059626e-04 -7.83853000e-04 -7.13927206e-04
 -6.47299166e-04 -5.83369052e-04 -5.23742230e-04 -4.66468657e-04
 -4.11551533e-04 -3.56965611e-04 -3.06329603e-04 -2.58001499e-04
 -2.11829916e-04 -1.66353566e-04 -1.22081547e-04 -8.04760202e-05
 -4.26130428e-05 -9.91212437e-06], nonpositiveclusterdensity [0.05001799 0.00605733 0.00723682 0.00797649 0.0102355  0.01147495
 0.01199472 0.01265443 0.01283435 0.01509336 0.01577306 0.01649274
 0.0184119  0.02161049 0.02115069 0.02418936 0.02586862 0.027268
 0.02990684 0.02964696 0.03160609 0.0384031  0.03874295 0.04084203
 0.0465995  0.05433609 0.06223262 0.07336772 0.08924073 0.14873456], nopositive entropy [0.02055086 0.03297909 0.03279887 0.03318583 0.03343672 0.03352461
 0.03364373 0.03364416 0.03359642 0.03377017 0.03381214 0.03372895
 0.03383315 0.03383408 0.0338976  0.03387726 0.03391818 0.03390106
 0.03399686 0.03395207 0.03399065 0.03401055 0.03402382 0.03403655
 0.03409451 0.03417538 0.03414916 0.03415982 0.03409123 0.03338652]
cluster centers [-2.05517544e-03 -2.00276123e-03 -1.89928233e-03 -1.79103820e-03
 -1.68472482e-03 -1.56811357e-03 -1.46363338e-03 -1.36627618e-03
 -1.27173355e-03 -1.18531333e-03 -1.09648495e-03 -1.01319328e-03
 -9.34315380e-04 -8.59059626e-04 -7.83853000e-04 -7.13927206e-04
 -6.47299166e-04 -5.83369052e-04 -5.23742230e-04 -4.66468657e-04
 -4.11551533e-04 -3.56965611e-04 -3.06329603e-04 -2.58001499e-04
 -2.11829916e-04 -1.66353566e-04 -1.22081547e-04 -8.04760202e-05
 -4.26130428e-05 -9.91212437e-06  1.04481878e-05  4.43969620e-05
  8.36111722e-05  1.24917249e-04  1.67227612e-04  2.11890423e-04
  2.60454835e-04  3.10910342e-04  3.63928149e-04  4.17333533e-04
  4.75346751e-04  5.34351740e-04  5.98597224e-04  6.65396510e-04
  7.31974724e-04  8.04016367e-04  8.83605157e-04  9.62023740e-04
  1.04510365e-03  1.13422843e-03  1.22796278e-03  1.31796300e-03
  1.41375768e-03  1.51094608e-03  1.60833937e-03  1.71206356e-03
  1.81834144e-03  1.92264770e-03  2.03117589e-03  2.08797862e-03]
clustercenters [-2.05517544e-03 -2.00276123e-03 -1.89928233e-03 -1.79103820e-03
 -1.68472482e-03 -1.56811357e-03 -1.46363338e-03 -1.36627618e-03
 -1.27173355e-03 -1.18531333e-03 -1.09648495e-03 -1.01319328e-03
 -9.34315380e-04 -8.59059626e-04 -7.83853000e-04 -7.13927206e-04
 -6.47299166e-04 -5.83369052e-04 -5.23742230e-04 -4.66468657e-04
 -4.11551533e-04 -3.56965611e-04 -3.06329603e-04 -2.58001499e-04
 -2.11829916e-04 -1.66353566e-04 -1.22081547e-04 -8.04760202e-05
 -4.26130428e-05 -9.91212437e-06  1.04481878e-05  4.43969620e-05
  8.36111722e-05  1.24917249e-04  1.67227612e-04  2.11890423e-04
  2.60454835e-04  3.10910342e-04  3.63928149e-04  4.17333533e-04
  4.75346751e-04  5.34351740e-04  5.98597224e-04  6.65396510e-04
  7.31974724e-04  8.04016367e-04  8.83605157e-04  9.62023740e-04
  1.04510365e-03  1.13422843e-03  1.22796278e-03  1.31796300e-03
  1.41375768e-03  1.51094608e-03  1.60833937e-03  1.71206356e-03
  1.81834144e-03  1.92264770e-03  2.03117589e-03  2.08797862e-03], clusterdensity [0.05001799 0.00605733 0.00723682 0.00797649 0.0102355  0.01147495
 0.01199472 0.01265443 0.01283435 0.01509336 0.01577306 0.01649274
 0.0184119  0.02161049 0.02115069 0.02418936 0.02586862 0.027268
 0.02990684 0.02964696 0.03160609 0.0384031  0.03874295 0.04084203
 0.0465995  0.05433609 0.06223262 0.07336772 0.08924073 0.14873456
 0.14742487 0.09043979 0.07083117 0.061367   0.05208292 0.04748089
 0.04233863 0.04057785 0.03655608 0.03437513 0.03109368 0.02947297
 0.02689183 0.02337028 0.02273    0.02192965 0.02062908 0.01962864
 0.01860819 0.01600704 0.0152267  0.01262556 0.01304574 0.01124495
 0.01086478 0.00984433 0.00858378 0.00776342 0.00696306 0.050002  ], clusterentropy [0.02055086 0.03297909 0.03279887 0.03318583 0.03343672 0.03352461
 0.03364373 0.03364416 0.03359642 0.03377017 0.03381214 0.03372895
 0.03383315 0.03383408 0.0338976  0.03387726 0.03391818 0.03390106
 0.03399686 0.03395207 0.03399065 0.03401055 0.03402382 0.03403655
 0.03409451 0.03417538 0.03414916 0.03415982 0.03409123 0.03338652
 0.03346326 0.03414963 0.03416026 0.0341945  0.03412842 0.03408847
 0.03412991 0.03412959 0.03404627 0.03404886 0.03400308 0.03408136
 0.03394457 0.03393026 0.03381545 0.03396534 0.03393367 0.03376581
 0.03384538 0.03377091 0.03370441 0.03368075 0.03349278 0.03329391
 0.03359978 0.03322098 0.03317898 0.03305234 0.0331741  0.02000695]
getarrarysize: 0.020550857821096818 -0.0020551754394546153 0.050017992083483266 0.06717650011920161
getarrarysize: 0.032979092563510365 -0.002002761233597994 0.006057334772700012 0.012722185356849897
getarrarysize: 0.032798868432570315 -0.0018992823315784335 0.007236815801047539 0.014335345737399686
getarrarysize: 0.033185832102448756 -0.0017910382011905313 0.00797649034424853 0.015075845171036287
getarrarysize: 0.03343672173020643 -0.0016847248189151287 0.0102354963815921 0.018334701252641993
getarrarysize: 0.03352460977841138 -0.0015681135701015592 0.011474951021550517 0.019182462116355912
getarrarysize: 0.03364372635997523 -0.0014636333798989654 0.011994722322178242 0.01878187129413601
getarrarysize: 0.033644164407462505 -0.0013662761775776744 0.012654432049898044 0.018497079571965204
getarrarysize: 0.03359642292130004 -0.0012717335484921932 0.012834352884730718 0.017437146170520203
getarrarysize: 0.03377017041891224 -0.0011853133328258991 0.015093358922074288 0.019211646445894695
getarrarysize: 0.03381214078331087 -0.001096484949812293 0.015773059853664388 0.018595315831309404
getarrarysize: 0.033728948810854 -0.001013193279504776 0.016492743192995082 0.017922569266859745
getarrarysize: 0.03383314508861104 -0.0009343153797090054 0.0184118987645436 0.018507455396437944
getarrarysize: 0.03383407851449959 -0.000859059626236558 0.021610491383791133 0.019973518109737864
getarrarysize: 0.033897601078576735 -0.0007838530000299215 0.0211506936947743 0.017870654939561362
getarrarysize: 0.0338772591205008 -0.0007139272056519985 0.024189356683059455 0.018603676565661295
getarrarysize: 0.033918184971909925 -0.000647299166303128 0.025868617808164407 0.01806022433066838
getarrarysize: 0.03390105716717345 -0.0005833690520375967 0.027268002079085203 0.01714834490361556
getarrarysize: 0.033996855073026584 -0.000523742230143398 0.029906840989964417 0.01693320408920485
getarrarysize: 0.03395207249458624 -0.0004664686566684395 0.029646955339650553 0.014930732696358555
getarrarysize: 0.033990649307814896 -0.0004115515330340713 0.03160609331893967 0.014059399340924176
getarrarysize: 0.034010551716784056 -0.0003569656109903008 0.03840310263484067 0.014825816948331799
getarrarysize: 0.03402382046545725 -0.0003063296026084572 0.03874295310063572 0.012840354987940016
getarrarysize: 0.03403655328090729 -0.00025800149887800217 0.04084202950701691 0.011404792356341835
getarrarysize: 0.034094508039732595 -0.00021182991622481495 0.04659949622166247 0.010702006452099882
getarrarysize: 0.0341753790252744 -0.0001663535658735782 0.05433609211946743 0.009823044672657884
getarrarysize: 0.034149159783681056 -0.0001220815465785563 0.062232617648234775 0.008250122137154939
getarrarysize: 0.034159818663153374 -8.047602022998035e-05 0.07336771820399024 0.00641356239538013
getarrarysize: 0.03409122656789284 -4.261304275132716e-05 0.08924073407700611 0.0041224991134367756
getarrarysize: 0.033386523510359 -9.912124369293451e-06 0.1487345567950102 0.0015651720695286512
getarrarysize: 0.03346325773276751 1.044818782247603e-05 0.14742486694145426 0.0016390499846477135
getarrarysize: 0.03414963243809654 4.439696203917265e-05 0.09043979350914404 0.00436024721525525
getarrarysize: 0.03416026319957495 8.361117215827107e-05 0.0708311657129137 0.006433127717112482
getarrarysize: 0.034194495984974815 0.0001249172491952777 0.0613670014806515 0.008335387343757187
getarrarysize: 0.03412842402744097 0.00016722761210985482 0.052082916483252646 0.009452175614820315
getarrarysize: 0.034088470932852284 0.0002118904230883345 0.04748089159230062 0.010905610405208984
getarrarysize: 0.034129906801883055 0.000260454835370183 0.04233862899675859 0.01196786224627966
getarrarysize: 0.03412959046536813 0.0003109103417955339 0.04057785425587259 0.013692021969116038
getarrarysize: 0.03404626784865098 0.00036392814945429564 0.036556084677258 0.014403137256088331
getarrarysize: 0.03404886495908496 0.0004173335328232497 0.03437512505502422 0.015532539676499063
getarrarysize: 0.03400307614507132 0.00047534675104543567 0.031093681219736692 0.015981338256392592
getarrarysize: 0.034081363643010225 0.0005343517404980958 0.029472968105966633 0.017067909434115007
getarrarysize: 0.03394457232177881 0.0005985972238704562 0.02689183240625876 0.017375515561721257
getarrarysize: 0.03393026301961682 0.0006653965101577342 0.023370282924486778 0.01677814638401953
getarrarysize: 0.03381545459834366 0.0007319747237488627 0.02273000120052824 0.01789052303381738
getarrarysize: 0.0339653352783561 0.0008040163666009903 0.021929649045580063 0.019043411012833494
getarrarysize: 0.03393367353944066 0.0008836051565594971 0.02062907679378927 0.01966894997329539
getarrarysize: 0.033765808053807043 0.0009620237397029996 0.019628636600104048 0.02027520879563639
getarrarysize: 0.033845380160758866 0.0010451036505401134 0.018608187602545123 0.020930283036435182
getarrarysize: 0.033770911603065654 0.001134228426963091 0.016007043098963548 0.01949695054822231
getarrarysize: 0.033704405211084545 0.0012279627844691277 0.015226699747889075 0.020039640238130763
getarrarysize: 0.03368074959989728 0.0013179630041122437 0.012625555244307498 0.017821642142745567
getarrarysize: 0.03349278020000661 0.0014137576799839735 0.01304574012565529 0.01964297046567918
getarrarysize: 0.03329390981281097 0.0015109460800886154 0.011244947777021893 0.017988024567626368
getarrarysize: 0.0335997791396884 0.0016083393711596727 0.010864780503421507 0.01867012978700466
getarrarysize: 0.03322098401343274 0.0017120635602623224 0.009844331505862582 0.01780454461225898
getarrarysize: 0.033178984120941425 0.0018183414358645678 0.008583776861819202 0.0164675580712017
getarrarysize: 0.03305234191550367 0.0019226477015763521 0.00776341590299732 0.015687981439616656
getarrarysize: 0.03317410003067745 0.002031175885349512 0.006963063748049143 0.01491967342611251
getarrarysize: 0.02000695320201371 0.0020879786228761065 0.050002000880387386 0.06642118994513757
initialized LSS completed!
insert time: 35.01243209838867
(item.sum)-0.6047174385748804/(item.counter)203
(item.sum)-0.6974080807995051/(item.counter)240
(item.sum)-0.7132051342632622/(item.counter)240
(item.sum)-0.6851405540946871/(item.counter)239
(item.sum)-0.7286822563037276/(item.counter)250
(item.sum)-0.7224997370503843/(item.counter)239
(item.sum)-0.6876588284503669/(item.counter)229
(item.sum)-0.6568239191547036/(item.counter)231
(item.sum)-0.5807095556519926/(item.counter)206
(item.sum)-0.6413824472110718/(item.counter)222
(item.sum)-0.6051300147082657/(item.counter)207
(item.sum)-0.6560094512533396/(item.counter)223
(item.sum)-0.6483968675602227/(item.counter)228
(item.sum)-0.6547587434761226/(item.counter)227
(item.sum)-0.71160743618384/(item.counter)249
(item.sum)-0.6484379104804248/(item.counter)230
(item.sum)-0.6831118741538376/(item.counter)237
(item.sum)-0.7090206043794751/(item.counter)240
(item.sum)-0.6210435240063816/(item.counter)205
(item.sum)-0.6464273370802402/(item.counter)219
(item.sum)-0.5920081764925271/(item.counter)201
(item.sum)-0.6339170797728002/(item.counter)226
(item.sum)-0.6416131698060781/(item.counter)214
(item.sum)-0.6879741023294628/(item.counter)241
(item.sum)-0.7489913608878851/(item.counter)258
(item.sum)-0.566919147502631/(item.counter)197
(item.sum)-0.6508138035424054/(item.counter)223
(item.sum)-0.6781839309260249/(item.counter)237
(item.sum)-0.6445766338147223/(item.counter)223
(item.sum)-0.7331306403502822/(item.counter)248
(item.sum)-0.699796095257625/(item.counter)240
(item.sum)-0.6485931060742587/(item.counter)224
(item.sum)-0.6704007973894477/(item.counter)229
(item.sum)-0.6976618766784668/(item.counter)240
(item.sum)-0.7181377834640443/(item.counter)242
(item.sum)-0.7222921643406153/(item.counter)246
(item.sum)-0.6023249132558703/(item.counter)213
(item.sum)-0.6934260556008667/(item.counter)240
(item.sum)-0.6868595459964126/(item.counter)237
(item.sum)-0.6748774701263756/(item.counter)227
(item.sum)-0.70356678776443/(item.counter)246
(item.sum)-0.6882366258651018/(item.counter)230
(item.sum)-0.6662146206945181/(item.counter)231
(item.sum)-0.5772180419880897/(item.counter)203
(item.sum)-0.6451005483977497/(item.counter)217
(item.sum)-0.6591168905142695/(item.counter)222
(item.sum)-0.672756216255948/(item.counter)228
(item.sum)-0.6426763355266303/(item.counter)226
(item.sum)-0.677358073880896/(item.counter)234
(item.sum)-0.7018555251415819/(item.counter)235
(item.sum)-0.6041598715819418/(item.counter)211
(item.sum)-0.6976526130456477/(item.counter)243
(item.sum)-0.6753592798486352/(item.counter)231
(item.sum)-0.6590249438304454/(item.counter)225
(item.sum)-0.6559192740824074/(item.counter)230
(item.sum)-0.6744559840299189/(item.counter)231
(item.sum)-0.6791755876038224/(item.counter)232
(item.sum)-0.695880705723539/(item.counter)233
(item.sum)-0.6573899672366679/(item.counter)223
(item.sum)-0.7121673244982958/(item.counter)242
(item.sum)-0.6941669778898358/(item.counter)236
(item.sum)-0.5760972714051604/(item.counter)200
(item.sum)-0.5817993292585015/(item.counter)206
(item.sum)-0.6200859104283154/(item.counter)216
(item.sum)-0.6015325891785324/(item.counter)204
(item.sum)-0.6744433180429041/(item.counter)229
(item.sum)-0.6323394982609898/(item.counter)219
LSStable_item: [-0.002978903638299903, -0.0029058670033312714, -0.002971688059430259, -0.002866696879057268, -0.0029147290252149105, -0.003023011452093658, -0.0030028769801326064, -0.0028433935894143013, -0.0028189784254951094, -0.0028891101225723957, -0.002923333404387757, -0.002941746418176411, -0.002843845910351854, -0.002884399750996135, -0.0028578611894933335, -0.0028192952629583685, -0.0028823285829275846, -0.002954252518247813, -0.0030294806049091785, -0.002951723000366394, -0.0029453143109080954, -0.002804942830853098, -0.0029981923822713927, -0.0028546643250185176, -0.0029030672902631205, -0.0028777621700641163, -0.002918447549517513, -0.002861535573527531, -0.0028904781785413555, -0.0029561719368962993, -0.0029158170635734375, -0.002895504937831512, -0.0029275143990805576, -0.0029069244861602782, -0.0029675115019175387, -0.0029361470095146964, -0.0028278164941590157, -0.0028892752316702778, -0.002898141544288661, -0.0029730285027593636, -0.0028600275925383337, -0.0029923331559352255, -0.002884045977032546, -0.0028434386304832006, -0.002972813587086404, -0.0029689950023165292, -0.0029506851590173156, -0.002843700599675355, -0.0028946926234226325, -0.0029866192559216253, -0.0028633169269286344, -0.0028709984075952584, -0.002923633246097988, -0.002928999750357535, -0.0028518229307930754, -0.0029197228745883935, -0.0029274809810509585, -0.0029866124709164764, -0.0029479370728101697, -0.0029428401838772554, -0.0029413854995332025, -0.002880486357025802, -0.0028242685886335026, -0.0028707681038347937, -0.0029486891626398647, -0.002945167327698271, -0.0028873949692282638]
(item.sum)-0.20302917517255992/(item.counter)102
(item.sum)-0.19860989332664758/(item.counter)100
(item.sum)-0.2588593566324562/(item.counter)130
(item.sum)-0.26269266672898084/(item.counter)132
(item.sum)-0.19702874892391264/(item.counter)99
(item.sum)-0.18299907294567674/(item.counter)92
(item.sum)-0.22240291337948292/(item.counter)112
(item.sum)-0.24453376093879342/(item.counter)123
(item.sum)-0.21480519545730203/(item.counter)108
(item.sum)-0.19242922484409064/(item.counter)97
(item.sum)-0.20283906650729477/(item.counter)102
(item.sum)-0.22073875414207578/(item.counter)111
(item.sum)-0.2086449817288667/(item.counter)105
LSStable_item: [-0.001990482109534901, -0.0019860989332664758, -0.001991225820249663, -0.0019900959600680367, -0.001990189383069825, -0.001989120358105182, -0.0019857402980310974, -0.0019880793572259626, -0.001988936994975019, -0.001983806441691656, -0.0019886182990911253, -0.0019886374247033854, -0.0019870950640844447]
(item.sum)-0.2812593177659437/(item.counter)148
(item.sum)-0.28496730141341686/(item.counter)150
(item.sum)-0.3130313317524269/(item.counter)165
(item.sum)-0.26739827380515635/(item.counter)141
(item.sum)-0.3146706570405513/(item.counter)166
(item.sum)-0.26363568019587547/(item.counter)139
(item.sum)-0.2680764233227819/(item.counter)142
(item.sum)-0.22966228588484228/(item.counter)121
(item.sum)-0.29614153399597853/(item.counter)156
(item.sum)-0.2631395903881639/(item.counter)139
(item.sum)-0.2825896004214883/(item.counter)149
(item.sum)-0.35598697781097144/(item.counter)188
(item.sum)-0.32009163906332105/(item.counter)169
(item.sum)-0.33401508489623666/(item.counter)176
LSStable_item: [-0.001900400795715836, -0.001899782009422779, -0.001897159586378345, -0.0018964416581925983, -0.0018956063677141644, -0.0018966595697544998, -0.001887862136075929, -0.0018980354205358867, -0.001898343166640888, -0.0018930905783321147, -0.0018965744994730758, -0.001893547754313678, -0.0018940333672385862, -0.001897812982364981]
(item.sum)-0.34554971184115857/(item.counter)193
(item.sum)-0.2849580105394125/(item.counter)159
(item.sum)-0.3224062224617228/(item.counter)180
(item.sum)-0.3041270027169958/(item.counter)170
(item.sum)-0.32762688922230154/(item.counter)183
(item.sum)-0.28600199439097196/(item.counter)160
(item.sum)-0.2829720701556653/(item.counter)158
(item.sum)-0.2860396603355184/(item.counter)160
(item.sum)-0.2954481727210805/(item.counter)165
(item.sum)-0.2526511154137552/(item.counter)141
(item.sum)-0.2788891129894182/(item.counter)156
(item.sum)-0.2562754431273788/(item.counter)143
(item.sum)-0.28819860704243183/(item.counter)161
(item.sum)-0.3201422851998359/(item.counter)179
(item.sum)-0.2791633183369413/(item.counter)156
LSStable_item: [-0.001790413014721029, -0.0017921887455308962, -0.0017911456803429045, -0.0017889823689235045, -0.0017903108700672216, -0.0017875124649435747, -0.0017909624693396536, -0.0017877478770969902, -0.0017905949861883666, -0.001791851882367058, -0.0017877507242911423, -0.001792135965925726, -0.001790053459890881, -0.001788504386591262, -0.0017895084508778288]
(item.sum)-0.2774638277478516/(item.counter)165
(item.sum)-0.2994307086337358/(item.counter)178
(item.sum)-0.265722852316685/(item.counter)158
(item.sum)-0.23145069379825145/(item.counter)138
(item.sum)-0.24939196940977126/(item.counter)148
(item.sum)-0.27358352148439735/(item.counter)163
(item.sum)-0.26582868362311274/(item.counter)158
(item.sum)-0.2604097534203902/(item.counter)155
(item.sum)-0.25885460095014423/(item.counter)154
(item.sum)-0.23254009301308542/(item.counter)138
(item.sum)-0.2611325529869646/(item.counter)155
(item.sum)-0.27375811454840004/(item.counter)163
(item.sum)-0.24196280317846686/(item.counter)144
(item.sum)-0.2652931605698541/(item.counter)158
(item.sum)-0.2653467732015997/(item.counter)158
(item.sum)-0.25923569092992693/(item.counter)154
(item.sum)-0.27939988614525646/(item.counter)166
(item.sum)-0.2893970626173541/(item.counter)172
LSStable_item: [-0.0016815989560475856, -0.0016821949923243582, -0.001681790204535981, -0.0016771789405670395, -0.0016850808743903464, -0.0016784265121742169, -0.0016824600229310932, -0.00168006292529284, -0.0016808740321437937, -0.0016850731377759814, -0.0016847261483029974, -0.0016794976352662578, -0.0016802972442949088, -0.001679070636518064, -0.0016794099569721502, -0.001683348642402123, -0.0016831318442485329, -0.001682541061728803]
(item.sum)-0.24281211430206895/(item.counter)155
(item.sum)-0.2810461277840659/(item.counter)179
(item.sum)-0.3080938804196194/(item.counter)196
(item.sum)-0.25946893997024745/(item.counter)165
(item.sum)-0.24947841221001/(item.counter)159
(item.sum)-0.2898955780547112/(item.counter)185
(item.sum)-0.27785907476209104/(item.counter)177
(item.sum)-0.29276331956498325/(item.counter)187
(item.sum)-0.24990885867737234/(item.counter)159
(item.sum)-0.27576631400734186/(item.counter)176
(item.sum)-0.2614078957121819/(item.counter)166
(item.sum)-0.2853484167717397/(item.counter)182
(item.sum)-0.2672696706140414/(item.counter)170
(item.sum)-0.2473354268586263/(item.counter)158
(item.sum)-0.28250468557234854/(item.counter)180
(item.sum)-0.2621633482631296/(item.counter)167
(item.sum)-0.22116173838730901/(item.counter)141
(item.sum)-0.31955694791395217/(item.counter)204
(item.sum)-0.332628020318225/(item.counter)212
LSStable_item: [-0.0015665297696907674, -0.0015700900993523236, -0.0015719075531613234, -0.0015725390301227118, -0.0015690466176730188, -0.0015670031246200608, -0.0015698252811417574, -0.0015655792490106056, -0.0015717538281595745, -0.001566854056859897, -0.0015747463597119394, -0.0015678484438007678, -0.0015721745330237729, -0.0015654140940419387, -0.0015694704754019362, -0.001569840408761255, -0.0015685229672858796, -0.0015664556270291773, -0.001569000095840684]
(item.sum)-0.2873187728691846/(item.counter)196
(item.sum)-0.27430884540081024/(item.counter)187
(item.sum)-0.24911121814511716/(item.counter)170
(item.sum)-0.30623294692486525/(item.counter)209
(item.sum)-0.24007641628850251/(item.counter)164
(item.sum)-0.28266079525928944/(item.counter)193
(item.sum)-0.30330357048660517/(item.counter)207
(item.sum)-0.25053831469267607/(item.counter)171
(item.sum)-0.28358862292952836/(item.counter)194
(item.sum)-0.29048400733154267/(item.counter)198
(item.sum)-0.2602074451278895/(item.counter)178
(item.sum)-0.2520053389016539/(item.counter)172
(item.sum)-0.26107854046858847/(item.counter)178
(item.sum)-0.26103989593684673/(item.counter)178
(item.sum)-0.24321339058224112/(item.counter)166
(item.sum)-0.24933107977267355/(item.counter)170
(item.sum)-0.27273629989940673/(item.counter)186
(item.sum)-0.27205992047674954/(item.counter)186
(item.sum)-0.23716340982355177/(item.counter)162
LSStable_item: [-0.0014659121064754318, -0.0014668922213947073, -0.0014653601067359833, -0.0014652294111237572, -0.0014638805871250154, -0.001464563706006681, -0.001465234640031909, -0.0014651363432320239, -0.00146179702540994, -0.0014670909461189023, -0.0014618395793701657, -0.001465147319195662, -0.0014667333734190364, -0.0014665162693081276, -0.0014651409071219344, -0.0014666534104274915, -0.001466324193007563, -0.0014626877444986535, -0.0014639716655774802]
(item.sum)-0.2936362550826743/(item.counter)215
(item.sum)-0.25970419961959124/(item.counter)190
(item.sum)-0.2942480507772416/(item.counter)215
(item.sum)-0.2498726462945342/(item.counter)183
(item.sum)-0.3085276175988838/(item.counter)226
(item.sum)-0.29457859182730317/(item.counter)215
(item.sum)-0.27918723865877837/(item.counter)204
(item.sum)-0.27410008350852877/(item.counter)201
(item.sum)-0.2855357996886596/(item.counter)209
(item.sum)-0.2574526951648295/(item.counter)189
(item.sum)-0.2446531937457621/(item.counter)179
(item.sum)-0.27985094452742487/(item.counter)205
(item.sum)-0.26243154087569565/(item.counter)192
(item.sum)-0.29298563627526164/(item.counter)215
(item.sum)-0.27896340237930417/(item.counter)204
(item.sum)-0.26354689698200673/(item.counter)193
(item.sum)-0.24778893764596432/(item.counter)181
(item.sum)-0.2693749167956412/(item.counter)197
LSStable_item: [-0.0013657500236403458, -0.0013668642085241645, -0.001368595585010426, -0.0013654242966914438, -0.0013651664495525832, -0.0013701329852432705, -0.0013685648953861685, -0.0013636820075051182, -0.001366199998510333, -0.0013621835723006852, -0.0013667776186914084, -0.0013651265586703653, -0.0013668309420609148, -0.0013627238896523797, -0.0013674676587220793, -0.0013655279636373406, -0.0013689996555025653, -0.001367385364444879]
(item.sum)-0.2870021890848875/(item.counter)225
(item.sum)-0.27783363754861057/(item.counter)218
(item.sum)-0.290022389148362/(item.counter)228
(item.sum)-0.277928278548643/(item.counter)219
(item.sum)-0.2956378610106185/(item.counter)232
(item.sum)-0.2887437865138054/(item.counter)227
(item.sum)-0.32863457244820893/(item.counter)258
(item.sum)-0.299129560473375/(item.counter)235
(item.sum)-0.3016989182215184/(item.counter)237
(item.sum)-0.25751692499034107/(item.counter)202
(item.sum)-0.2968448926694691/(item.counter)233
(item.sum)-0.2802505692234263/(item.counter)220
(item.sum)-0.30781624955125153/(item.counter)242
(item.sum)-0.28112803667318076/(item.counter)221
(item.sum)-0.3344935242785141/(item.counter)263
(item.sum)-0.32416813785675913/(item.counter)255
(item.sum)-0.28732389910146594/(item.counter)226
LSStable_item: [-0.0012755652848217222, -0.0012744662272872044, -0.001272028022580535, -0.0012690788974823882, -0.0012743011250457693, -0.0012719990595321824, -0.001273777412589957, -0.0012728917466952128, -0.0012729912161245501, -0.001274836262328421, -0.0012740124148904253, -0.0012738662237428468, -0.0012719679733522791, -0.0012720725641320397, -0.0012718384953555669, -0.001271247599438271, -0.0012713446862896722]
(item.sum)-0.263891214155592/(item.counter)223
(item.sum)-0.2690803842851892/(item.counter)228
(item.sum)-0.2803739197552204/(item.counter)237
(item.sum)-0.23219677957240492/(item.counter)196
(item.sum)-0.3024658209178597/(item.counter)255
(item.sum)-0.27934471040498465/(item.counter)236
(item.sum)-0.2901551654795185/(item.counter)245
(item.sum)-0.2857832289300859/(item.counter)241
(item.sum)-0.24570517742540687/(item.counter)208
(item.sum)-0.26756304723676294/(item.counter)226
(item.sum)-0.2626951284473762/(item.counter)222
(item.sum)-0.24293615843635052/(item.counter)205
(item.sum)-0.2658132853684947/(item.counter)225
(item.sum)-0.2970324207562953/(item.counter)251
(item.sum)-0.2661109702894464/(item.counter)225
(item.sum)-0.24345157016068697/(item.counter)206
(item.sum)-0.2813660331303254/(item.counter)238
(item.sum)-0.25726697128266096/(item.counter)217
(item.sum)-0.29619184287730604/(item.counter)250
LSStable_item: [-0.001183368673343462, -0.0011801771240578475, -0.0011830123196422803, -0.0011846774467979843, -0.001186140474187685, -0.0011836640271397655, -0.0011843067978755857, -0.0011858225266808543, -0.0011812748914683023, -0.001183907288658243, -0.0011833113894025955, -0.0011850544313968317, -0.001181392379415532, -0.0011833960986306587, -0.0011827154235086507, -0.0011818037386441115, -0.0011822102232366613, -0.0011855620796435988, -0.0011847673715092242]
(item.sum)-0.2729944200254977/(item.counter)249
(item.sum)-0.25884055031929165/(item.counter)236
(item.sum)-0.2727047501830384/(item.counter)249
(item.sum)-0.29642591963056475/(item.counter)270
(item.sum)-0.26903110346756876/(item.counter)245
(item.sum)-0.27045430860016495/(item.counter)247
(item.sum)-0.26568054885137826/(item.counter)242
(item.sum)-0.28449168510269374/(item.counter)259
(item.sum)-0.2725112154148519/(item.counter)248
(item.sum)-0.2738564189057797/(item.counter)249
(item.sum)-0.2873120530275628/(item.counter)261
(item.sum)-0.23096171813085675/(item.counter)210
(item.sum)-0.2602447011740878/(item.counter)237
(item.sum)-0.27856461028568447/(item.counter)254
(item.sum)-0.3149437882238999/(item.counter)287
(item.sum)-0.28293604392092675/(item.counter)258
(item.sum)-0.2815292216837406/(item.counter)257
(item.sum)-0.27983394323382527/(item.counter)255
(item.sum)-0.26164597866591066/(item.counter)238
LSStable_item: [-0.0010963631326325208, -0.0010967819928783544, -0.0010951997999318812, -0.001097873776409499, -0.0010980861366023215, -0.001094956714980425, -0.0010978535076503235, -0.001098423494604995, -0.0010988355460276285, -0.0010998249755252197, -0.0011008124637071372, -0.0010998177053850322, -0.0010980789079075436, -0.001096711064116868, -0.0010973651157627174, -0.0010966513330268478, -0.0010954444423491854, -0.0010973880126816677, -0.0010993528515374398]
(item.sum)-0.2589790438651107/(item.counter)256
(item.sum)-0.28400011162739247/(item.counter)280
(item.sum)-0.266352056118194/(item.counter)263
(item.sum)-0.2645700180437416/(item.counter)261
(item.sum)-0.3079223115928471/(item.counter)305
(item.sum)-0.27917389501817524/(item.counter)275
(item.sum)-0.32254424423445016/(item.counter)318
(item.sum)-0.2831227608839981/(item.counter)279
(item.sum)-0.2745588783873245/(item.counter)271
(item.sum)-0.3318134667351842/(item.counter)328
(item.sum)-0.2776943593053147/(item.counter)274
(item.sum)-0.28144961420912296/(item.counter)278
(item.sum)-0.27572607540059835/(item.counter)272
(item.sum)-0.2691287803463638/(item.counter)266
(item.sum)-0.29146724671591073/(item.counter)288
(item.sum)-0.32063046493567526/(item.counter)317
(item.sum)-0.2587743255426176/(item.counter)255
(item.sum)-0.279512997251004/(item.counter)276
LSStable_item: [-0.0010116368900980888, -0.0010142861129549732, -0.0010127454605254524, -0.0010136782300526497, -0.0010095813494847446, -0.0010151778000660919, -0.0010142900762089627, -0.001014776920731176, -0.0010131323925731532, -0.0010116264229731225, -0.0010134830631580828, -0.0010124086842054783, -0.0010136988066198468, -0.0010117623321291873, -0.0010120390510969122, -0.0010114525707750008, -0.001014801276637716, -0.0010127282509094348]
(item.sum)-0.2568609192967415/(item.counter)275
(item.sum)-0.2441439485992305/(item.counter)261
(item.sum)-0.29359934118110687/(item.counter)314
(item.sum)-0.28822987398598343/(item.counter)308
(item.sum)-0.2875392126152292/(item.counter)307
(item.sum)-0.27619670174317434/(item.counter)296
(item.sum)-0.2665529824444093/(item.counter)285
(item.sum)-0.27977199939778075/(item.counter)299
(item.sum)-0.284028310328722/(item.counter)303
(item.sum)-0.2673662754823454/(item.counter)286
(item.sum)-0.27392489596968517/(item.counter)293
(item.sum)-0.24722075648605824/(item.counter)265
(item.sum)-0.26033239427488297/(item.counter)279
(item.sum)-0.2826938977232203/(item.counter)303
(item.sum)-0.2427470034454018/(item.counter)260
(item.sum)-0.25492022081743926/(item.counter)273
(item.sum)-0.2729439306422137/(item.counter)291
(item.sum)-0.2881203338620253/(item.counter)308
(item.sum)-0.28525125165469944/(item.counter)305
LSStable_item: [-0.0009340397065336054, -0.0009354174275832586, -0.0009350297489844168, -0.0009358112791752708, -0.0009366098130789225, -0.000933096965348562, -0.0009352736226119623, -0.0009356923056781965, -0.0009373871628010627, -0.0009348471170711377, -0.0009348972558692327, -0.0009329085150417292, -0.0009330910189063906, -0.0009329831608027073, -0.000933642320943853, -0.0009337737026279826, -0.0009379516516914559, -0.0009354556294221601, -0.0009352500054252441]
(item.sum)-0.26308205613167956/(item.counter)307
(item.sum)-0.27225823915796354/(item.counter)317
(item.sum)-0.25389341375557706/(item.counter)296
(item.sum)-0.2729937668191269/(item.counter)318
(item.sum)-0.24703515891451389/(item.counter)287
(item.sum)-0.2346486197784543/(item.counter)273
(item.sum)-0.25535274436697364/(item.counter)297
(item.sum)-0.24590599397197366/(item.counter)287
(item.sum)-0.24957066954812035/(item.counter)291
(item.sum)-0.2502960792626254/(item.counter)291
(item.sum)-0.26470504142344/(item.counter)308
(item.sum)-0.256850621139165/(item.counter)299
(item.sum)-0.26194600155577064/(item.counter)305
(item.sum)-0.24548469594446942/(item.counter)286
(item.sum)-0.22847617993829772/(item.counter)267
(item.sum)-0.26971519395010546/(item.counter)315
(item.sum)-0.2585298183839768/(item.counter)301
(item.sum)-0.24547779746353626/(item.counter)287
(item.sum)-0.24945127009414136/(item.counter)290
(item.sum)-0.23556010040920228/(item.counter)275
LSStable_item: [-0.0008569448082465132, -0.0008588587986055632, -0.000857748019444517, -0.0008584709648400217, -0.0008607496826289683, -0.0008595187537672319, -0.0008597735500571503, -0.0008568153100068769, -0.0008576311668320287, -0.0008601239837203623, -0.0008594319526735064, -0.00085903217772296, -0.0008588393493631824, -0.000858338097707935, -0.0008557160297314522, -0.0008562387109527157, -0.0008589030511095575, -0.0008553233361098824, -0.0008601767934280737, -0.0008565821833061902]
(item.sum)-0.2969508128007874/(item.counter)378
(item.sum)-0.2744804819812998/(item.counter)350
(item.sum)-0.22585370671004057/(item.counter)288
(item.sum)-0.245598976733163/(item.counter)313
(item.sum)-0.28000350925140083/(item.counter)357
(item.sum)-0.31725679169176146/(item.counter)403
(item.sum)-0.280603681167122/(item.counter)358
(item.sum)-0.2693646085099317/(item.counter)344
(item.sum)-0.26747773453826085/(item.counter)340
(item.sum)-0.2594534413074143/(item.counter)330
(item.sum)-0.2695880957762711/(item.counter)345
(item.sum)-0.2845344726811163/(item.counter)362
(item.sum)-0.29125462082447484/(item.counter)372
(item.sum)-0.2732347248820588/(item.counter)347
(item.sum)-0.27587037783814594/(item.counter)351
(item.sum)-0.3174440255970694/(item.counter)405
(item.sum)-0.2420892886002548/(item.counter)309
(item.sum)-0.2962192181730643/(item.counter)378
LSStable_item: [-0.0007855841608486438, -0.0007842299485179995, -0.000784214259409863, -0.0007846612675180926, -0.0007843235553260528, -0.0007872376965056115, -0.0007838091652712905, -0.0007830366526451504, -0.000786699219230179, -0.0007862225494164071, -0.0007814147703660031, -0.0007860068306108185, -0.0007829425290980506, -0.0007874199564324461, -0.0007859554924163702, -0.0007838124088816529, -0.0007834604809069735, -0.0007836487253255669]
(item.sum)-0.26187814923468977/(item.counter)367
(item.sum)-0.2772610809770413/(item.counter)389
(item.sum)-0.2441231474513188/(item.counter)342
(item.sum)-0.2396501267212443/(item.counter)336
(item.sum)-0.2637300383648835/(item.counter)369
(item.sum)-0.275541826733388/(item.counter)386
(item.sum)-0.23847816267516464/(item.counter)335
(item.sum)-0.23085995676228777/(item.counter)324
(item.sum)-0.26242929144063964/(item.counter)367
(item.sum)-0.25947295216610655/(item.counter)363
(item.sum)-0.2505053055938333/(item.counter)351
(item.sum)-0.25272569339722395/(item.counter)354
(item.sum)-0.24838304391596466/(item.counter)348
(item.sum)-0.2415829545352608/(item.counter)339
(item.sum)-0.2722040694206953/(item.counter)382
(item.sum)-0.2626156808109954/(item.counter)368
(item.sum)-0.2663066127570346/(item.counter)372
(item.sum)-0.2544565694988705/(item.counter)356
(item.sum)-0.26062535314122215/(item.counter)365
LSStable_item: [-0.0007135644393315798, -0.0007127534215348105, -0.0007138103726646749, -0.000713244424765608, -0.0007147155511243456, -0.0007138389293611089, -0.000711875112463178, -0.0007125307307478017, -0.0007150661892115521, -0.0007148015211187508, -0.0007136903293271605, -0.0007139143881277512, -0.000713744379068864, -0.0007126340841748106, -0.0007125760979599353, -0.0007136295674211832, -0.0007158779912823511, -0.0007147656446597487, -0.0007140420634006087]
(item.sum)-0.27650493348482996/(item.counter)427
(item.sum)-0.26616048510186374/(item.counter)411
(item.sum)-0.24508841236820444/(item.counter)378
(item.sum)-0.24697066529188305/(item.counter)382
(item.sum)-0.2679914262262173/(item.counter)414
(item.sum)-0.2513389698578976/(item.counter)388
(item.sum)-0.2777538693626411/(item.counter)430
(item.sum)-0.2589610258000903/(item.counter)401
(item.sum)-0.27355213911505416/(item.counter)422
(item.sum)-0.2840921441675164/(item.counter)439
(item.sum)-0.25391228240914643/(item.counter)392
(item.sum)-0.2509354709764011/(item.counter)388
(item.sum)-0.26201534329447895/(item.counter)405
(item.sum)-0.2699844671296887/(item.counter)417
(item.sum)-0.27808357967296615/(item.counter)429
(item.sum)-0.24145640642382205/(item.counter)372
(item.sum)-0.26294461608631536/(item.counter)406
(item.sum)-0.27531772275688127/(item.counter)425
LSStable_item: [-0.000647552537435199, -0.0006475924211724179, -0.0006483820433021281, -0.000646520066209118, -0.0006473222855705731, -0.0006477808501492207, -0.0006459392310759096, -0.0006457880942645643, -0.0006482278178081852, -0.0006471347247551626, -0.000647735414309047, -0.0006467409045783534, -0.0006469514649246394, -0.0006474447652990137, -0.0006482134724311565, -0.0006490763613543603, -0.0006476468376510231, -0.0006478064064867795]
(item.sum)-0.2651502935332246/(item.counter)455
(item.sum)-0.294685949862469/(item.counter)505
(item.sum)-0.2768669035867788/(item.counter)474
(item.sum)-0.2709536552429199/(item.counter)465
(item.sum)-0.23030978412134573/(item.counter)394
(item.sum)-0.24776657996699214/(item.counter)424
(item.sum)-0.25726425618631765/(item.counter)441
(item.sum)-0.2728404856752604/(item.counter)466
(item.sum)-0.27762362000066787/(item.counter)475
(item.sum)-0.26353396085323766/(item.counter)452
(item.sum)-0.2523207954945974/(item.counter)433
(item.sum)-0.277501889213454/(item.counter)476
(item.sum)-0.2593967367429286/(item.counter)444
(item.sum)-0.2661125302547589/(item.counter)456
(item.sum)-0.26747343281749636/(item.counter)457
(item.sum)-0.2867060176213272/(item.counter)491
(item.sum)-0.2739181930664927/(item.counter)469
LSStable_item: [-0.0005827478978752189, -0.0005835365343811268, -0.0005841073915332886, -0.000582696032780473, -0.0005845425992927557, -0.0005843551414315852, -0.0005833656602864345, -0.0005854946044533486, -0.0005844707789487744, -0.0005830397364009682, -0.0005827270103801325, -0.0005829871622131386, -0.0005842268845561455, -0.0005835801102078046, -0.0005852810346115894, -0.0005839226428132937, -0.0005840473199711998]
(item.sum)-0.25220659136539325/(item.counter)482
(item.sum)-0.24703670263988897/(item.counter)473
(item.sum)-0.25016299582784995/(item.counter)478
(item.sum)-0.24832974036689848/(item.counter)474
(item.sum)-0.25846185692353174/(item.counter)493
(item.sum)-0.2704036536742933/(item.counter)516
(item.sum)-0.22568255086662248/(item.counter)431
(item.sum)-0.2561260872753337/(item.counter)488
(item.sum)-0.2670657983981073/(item.counter)511
(item.sum)-0.2553353664698079/(item.counter)488
(item.sum)-0.2531855990528129/(item.counter)483
(item.sum)-0.26145165850175545/(item.counter)499
(item.sum)-0.24654660368105397/(item.counter)471
(item.sum)-0.2574753147200681/(item.counter)490
(item.sum)-0.2572087023872882/(item.counter)491
(item.sum)-0.25551434769295156/(item.counter)488
(item.sum)-0.23610634927172214/(item.counter)451
LSStable_item: [-0.0005232501895547578, -0.0005222763269342261, -0.0005233535477570083, -0.0005239024058373386, -0.00052426340146761, -0.0005240380885160723, -0.0005236254080432076, -0.0005248485394986346, -0.0005226336563563743, -0.0005232282099791146, -0.0005241937868588259, -0.0005239512194423957, -0.0005234535110001146, -0.0005254598259593227, -0.0005238466443732957, -0.0005235949747806384, -0.00052351740415016]
(item.sum)-0.2814490788150579/(item.counter)603
(item.sum)-0.26481738276197575/(item.counter)566
(item.sum)-0.2740900137287099/(item.counter)586
(item.sum)-0.2852223389199935/(item.counter)612
(item.sum)-0.26322243284084834/(item.counter)562
(item.sum)-0.2875330422539264/(item.counter)617
(item.sum)-0.26748304336797446/(item.counter)573
(item.sum)-0.2789680346031673/(item.counter)598
(item.sum)-0.2650991133414209/(item.counter)568
(item.sum)-0.27885150382644497/(item.counter)598
(item.sum)-0.2744667139777448/(item.counter)587
(item.sum)-0.2946839609066956/(item.counter)632
(item.sum)-0.26407738390844315/(item.counter)568
(item.sum)-0.26174221507972106/(item.counter)562
(item.sum)-0.2725581535778474/(item.counter)584
LSStable_item: [-0.0004667480577364144, -0.0004678752345617946, -0.0004677303988544537, -0.00046604957339868217, -0.0004683673182221501, -0.0004660178966838353, -0.00046681159401042665, -0.000466501730105631, -0.0004667237910940509, -0.00046630686258602837, -0.00046757532193823645, -0.00046627209004223983, -0.0004649249716697943, -0.00046573347878953923, -0.00046670916708535515]
(item.sum)-0.2963007247308269/(item.counter)720
(item.sum)-0.2808584190206602/(item.counter)681
(item.sum)-0.286825545335887/(item.counter)699
(item.sum)-0.2632500329928007/(item.counter)641
(item.sum)-0.2843391542264726/(item.counter)692
(item.sum)-0.2777183818107005/(item.counter)675
(item.sum)-0.27356608043191954/(item.counter)665
(item.sum)-0.28826971116359346/(item.counter)701
(item.sum)-0.26581245291163214/(item.counter)645
(item.sum)-0.2937385156110395/(item.counter)714
(item.sum)-0.26605582927004434/(item.counter)648
(item.sum)-0.2698109876073431/(item.counter)658
(item.sum)-0.2870630061952397/(item.counter)698
(item.sum)-0.29705200242460705/(item.counter)722
LSStable_item: [-0.00041152878434837074, -0.0004124205859334218, -0.00041033697472945207, -0.0004106864789279262, -0.0004108947315411454, -0.0004114346397195563, -0.0004113775645592775, -0.00041122640679542574, -0.0004121123300955537, -0.00041139848124795446, -0.00041057998344142644, -0.000410047093628181, -0.0004112650518556443, -0.00041142936623906793]
(item.sum)-0.24788408700260334/(item.counter)694
(item.sum)-0.271892652643146/(item.counter)760
(item.sum)-0.25192288105608895/(item.counter)707
(item.sum)-0.24965720134787261/(item.counter)697
(item.sum)-0.2477935477218125/(item.counter)692
(item.sum)-0.25452425886760466/(item.counter)711
(item.sum)-0.23522112335194834/(item.counter)658
(item.sum)-0.24377377043128945/(item.counter)681
(item.sum)-0.2545451326004695/(item.counter)711
(item.sum)-0.27828754982328974/(item.counter)780
(item.sum)-0.2642045821121428/(item.counter)740
(item.sum)-0.25489723731880076/(item.counter)714
(item.sum)-0.24539591930806637/(item.counter)688
(item.sum)-0.2679618918336928/(item.counter)750
(item.sum)-0.24644558542058803/(item.counter)690
LSStable_item: [-0.0003571816815599472, -0.00035775349031992896, -0.0003563265644357694, -0.00035818823722793777, -0.00035808316144770593, -0.0003579806735128054, -0.0003574789108692224, -0.00035796442060394924, -0.000358010031786877, -0.00035677891002985863, -0.00035703321907046325, -0.0003569989318190487, -0.0003566801152733523, -0.0003572825224449237, -0.0003571675151023015]
(item.sum)-0.2660023601492867/(item.counter)868
(item.sum)-0.2734567800362129/(item.counter)892
(item.sum)-0.26018483415828086/(item.counter)850
(item.sum)-0.27177985207526945/(item.counter)887
(item.sum)-0.26534564909525216/(item.counter)866
(item.sum)-0.26038851839257404/(item.counter)849
(item.sum)-0.2620806580525823/(item.counter)858
(item.sum)-0.26147863327059895/(item.counter)852
(item.sum)-0.262316500156885/(item.counter)857
(item.sum)-0.2653888979111798/(item.counter)862
(item.sum)-0.2544506090634968/(item.counter)832
(item.sum)-0.26971313945250586/(item.counter)880
(item.sum)-0.2531976494938135/(item.counter)825
LSStable_item: [-0.0003064543319692243, -0.00030656589690158394, -0.00030609980489209514, -0.00030640344089658336, -0.00030640375184209256, -0.00030670025723506954, -0.0003054553124155971, -0.0003068998043082147, -0.00030608693133825555, -0.00030787575163709955, -0.00030583005897054903, -0.00030649220392330213, -0.00030690624181068304]
(item.sum)-0.2815785651037004/(item.counter)1094
(item.sum)-0.2764393983525224/(item.counter)1075
(item.sum)-0.2952541897102492/(item.counter)1144
(item.sum)-0.2829971269093221/(item.counter)1097
(item.sum)-0.29229485866380855/(item.counter)1131
(item.sum)-0.29112258038367145/(item.counter)1128
(item.sum)-0.27803605496592354/(item.counter)1078
(item.sum)-0.2895017527771415/(item.counter)1122
(item.sum)-0.2927226602623705/(item.counter)1133
(item.sum)-0.2789852932764916/(item.counter)1082
(item.sum)-0.29684942396124825/(item.counter)1152
LSStable_item: [-0.00025738442879680106, -0.0002571529287000208, -0.00025808932666979823, -0.0002579736799538032, -0.0002584393091634028, -0.0002580873939571555, -0.0002579184183357361, -0.00025802295256429725, -0.0002583606886693473, -0.00025784223038492754, -0.000257681791633028]
(item.sum)-0.25767026979883667/(item.counter)1222
(item.sum)-0.2618674618715886/(item.counter)1240
(item.sum)-0.26217825354251545/(item.counter)1239
(item.sum)-0.26984028024889994/(item.counter)1275
(item.sum)-0.2793683671479812/(item.counter)1320
(item.sum)-0.25110239794594236/(item.counter)1188
(item.sum)-0.2615307380328886/(item.counter)1236
(item.sum)-0.2603871776664164/(item.counter)1231
(item.sum)-0.2709585258853622/(item.counter)1279
(item.sum)-0.27240738249383867/(item.counter)1292
(item.sum)-0.2619375634531025/(item.counter)1238
LSStable_item: [-0.00021085946792048828, -0.0002111834369932166, -0.00021160472440880988, -0.0002116394354893333, -0.00021164270238483425, -0.00021136565483665182, -0.00021159444824667365, -0.0002115249209312887, -0.00021185185761169833, -0.0002108416273172126, -0.0002115812305760117]
(item.sum)-0.26912052420084365/(item.counter)1625
(item.sum)-0.2636480505752843/(item.counter)1586
(item.sum)-0.2679520980018424/(item.counter)1611
(item.sum)-0.2621272421965841/(item.counter)1579
(item.sum)-0.266694742225809/(item.counter)1602
(item.sum)-0.2655618126736954/(item.counter)1597
(item.sum)-0.2740187244635308/(item.counter)1647
(item.sum)-0.2776995483582141/(item.counter)1671
(item.sum)-0.26744034915464/(item.counter)1609
(item.sum)-0.2730604943499202/(item.counter)1640
LSStable_item: [-0.00016561263027744226, -0.00016623458422149073, -0.00016632656610915107, -0.00016600838644495512, -0.00016647611874270226, -0.0001662879227762651, -0.0001663744532261875, -0.0001661876411479438, -0.00016621525739878183, -0.00016650030143287818]
(item.sum)-0.2311828732053982/(item.counter)1894
(item.sum)-0.2323227484812378/(item.counter)1906
(item.sum)-0.22273698655772023/(item.counter)1826
(item.sum)-0.22015871629264439/(item.counter)1806
(item.sum)-0.22643501927086618/(item.counter)1858
(item.sum)-0.23725383472628891/(item.counter)1945
(item.sum)-0.22549862201412907/(item.counter)1849
(item.sum)-0.21394493179832352/(item.counter)1750
(item.sum)-0.21484134545607958/(item.counter)1763
(item.sum)-0.226899738816428/(item.counter)1856
LSStable_item: [-0.00012206065111161468, -0.00012189021431334616, -0.00012198082505899246, -0.00012190405110334683, -0.00012187030100692475, -0.00012198140602894031, -0.00012195706977508332, -0.00012225424674189916, -0.00012186122827911491, -0.00012225201444850646]
(item.sum)-0.1763382369899773/(item.counter)2192
(item.sum)-0.16821776924916776/(item.counter)2087
(item.sum)-0.17862591097218683/(item.counter)2233
(item.sum)-0.17613314216578146/(item.counter)2185
(item.sum)-0.16713829420041293/(item.counter)2088
(item.sum)-0.1824191189080011/(item.counter)2255
(item.sum)-0.16881018427375238/(item.counter)2100
(item.sum)-0.17251840620156145/(item.counter)2141
(item.sum)-0.17017393939750036/(item.counter)2124
(item.sum)-0.17122399236541241/(item.counter)2128
LSStable_item: [-8.044627599907724e-05, -8.060266854296491e-05, -7.999369053837296e-05, -8.061013371431646e-05, -8.004707576648129e-05, -8.089539641153042e-05, -8.038580203512019e-05, -8.057842419503103e-05, -8.011955715513199e-05, -8.046240242735545e-05]
(item.sum)-0.11461332277758629/(item.counter)2666
(item.sum)-0.10689728764737083/(item.counter)2516
(item.sum)-0.11580841663999308/(item.counter)2712
(item.sum)-0.11291687160519359/(item.counter)2652
(item.sum)-0.11678550664692011/(item.counter)2714
(item.sum)-0.11379262792615918/(item.counter)2680
(item.sum)-0.10941100507261581/(item.counter)2579
(item.sum)-0.11442670183714654/(item.counter)2677
(item.sum)-0.11223545413668035/(item.counter)2625
(item.sum)-0.11445460517097672/(item.counter)2670
LSStable_item: [-4.299074372752674e-05, -4.24869982700202e-05, -4.27022185250712e-05, -4.2578005884311306e-05, -4.303076884558589e-05, -4.245993579334298e-05, -4.242380964428686e-05, -4.2744378721384585e-05, -4.275636348064013e-05, -4.286689332246319e-05]
(item.sum)-0.04367513618076302/(item.counter)4386
(item.sum)-0.042574584707695706/(item.counter)4398
(item.sum)-0.0432271647397271/(item.counter)4400
(item.sum)-0.04307476995354875/(item.counter)4324
(item.sum)-0.04289590517871433/(item.counter)4360
(item.sum)-0.043473826501096546/(item.counter)4419
(item.sum)-0.04305654028371508/(item.counter)4384
(item.sum)-0.04478274808213367/(item.counter)4471
(item.sum)-0.043783365105502625/(item.counter)4390
(item.sum)-0.04410593440444899/(item.counter)4463
LSStable_item: [-9.957851386402877e-06, -9.680442180012666e-06, -9.82435562266525e-06, -9.961787685834586e-06, -9.838510362090444e-06, -9.837933129915489e-06, -9.821291123110192e-06, -1.001627109866555e-05, -9.973431686902647e-06, -9.882575488337214e-06]
(item.sum)0.04645234981630919/(item.counter)4533
(item.sum)0.04631587971196538/(item.counter)4489
(item.sum)0.04680198352109066/(item.counter)4487
(item.sum)0.045950032038474475/(item.counter)4498
(item.sum)0.04763815318550968/(item.counter)4551
(item.sum)0.0458947513752237/(item.counter)4468
(item.sum)0.046854277679812206/(item.counter)4458
(item.sum)0.045507711649716676/(item.counter)4427
(item.sum)0.048184338253436376/(item.counter)4599
(item.sum)0.04633370965120598/(item.counter)4490
LSStable_item: [1.0247595370904299e-05, 1.0317638608145551e-05, 1.0430573550499368e-05, 1.0215658523449195e-05, 1.046762320050751e-05, 1.027187810546636e-05, 1.0510156500630822e-05, 1.0279582482429788e-05, 1.047713377982961e-05, 1.0319311726326498e-05]
(item.sum)0.11950946313663735/(item.counter)2687
(item.sum)0.1213102768160752/(item.counter)2709
(item.sum)0.11652573992978432/(item.counter)2626
(item.sum)0.12001092924037948/(item.counter)2724
(item.sum)0.12170953339773405/(item.counter)2726
(item.sum)0.1221331413507869/(item.counter)2750
(item.sum)0.11740069709594536/(item.counter)2641
(item.sum)0.11804864868281584/(item.counter)2673
(item.sum)0.12077042663622706/(item.counter)2739
(item.sum)0.1226254510183935/(item.counter)2769
LSStable_item: [4.4476912220557256e-05, 4.478046394096537e-05, 4.437385374325374e-05, 4.405687563890583e-05, 4.4647664489264144e-05, 4.441205140028615e-05, 4.44531227171319e-05, 4.416335528724872e-05, 4.409289033816249e-05, 4.428510329302763e-05]
(item.sum)0.17689197244180832/(item.counter)2122
(item.sum)0.17809629382827552/(item.counter)2138
(item.sum)0.18364796145033324/(item.counter)2202
(item.sum)0.17904717781493673/(item.counter)2145
(item.sum)0.1817517616727855/(item.counter)2181
(item.sum)0.17602870697010076/(item.counter)2108
(item.sum)0.1742622354940977/(item.counter)2089
(item.sum)0.17942366001807386/(item.counter)2151
(item.sum)0.175057644933986/(item.counter)2100
(item.sum)0.176127161947079/(item.counter)2117
LSStable_item: [8.336096722045633e-05, 8.330041806748153e-05, 8.340052745246741e-05, 8.347187776920128e-05, 8.333414106959445e-05, 8.350507920782768e-05, 8.341897342943881e-05, 8.341406788380933e-05, 8.33607833018981e-05, 8.319658098586632e-05]
(item.sum)0.22628552854439477/(item.counter)1811
(item.sum)0.22099260230606887/(item.counter)1777
(item.sum)0.21820630715228617/(item.counter)1758
(item.sum)0.2205225711077219/(item.counter)1764
(item.sum)0.22326516492466908/(item.counter)1790
(item.sum)0.2188559400747181/(item.counter)1756
(item.sum)0.21522798098885687/(item.counter)1731
(item.sum)0.2158301147428574/(item.counter)1735
(item.sum)0.2221942096730345/(item.counter)1775
(item.sum)0.22692862700205296/(item.counter)1821
LSStable_item: [0.0001249505955518469, 0.00012436274749919464, 0.00012412190395465653, 0.00012501279541254074, 0.00012472914241601625, 0.0001246332232771743, 0.00012433736625583875, 0.00012439776065870743, 0.00012517983643551238, 0.00012461758759036408]
(item.sum)0.25670348278072197/(item.counter)1542
(item.sum)0.25850454965257086/(item.counter)1545
(item.sum)0.26866626464470755/(item.counter)1603
(item.sum)0.26240929793857504/(item.counter)1570
(item.sum)0.2511707709636539/(item.counter)1504
(item.sum)0.2588453073258279/(item.counter)1548
(item.sum)0.2568439501483226/(item.counter)1538
(item.sum)0.2539756666228641/(item.counter)1520
(item.sum)0.2558276365016354/(item.counter)1532
(item.sum)0.260204473088379/(item.counter)1558
LSStable_item: [0.00016647437275014396, 0.00016731686061655072, 0.0001676021613504102, 0.0001671396802156529, 0.00016700184239604648, 0.00016721273083063816, 0.00016699866719656868, 0.00016708925435714742, 0.00016698931886529727, 0.00016701185692450515]
(item.sum)0.26787509566929657/(item.counter)1257
(item.sum)0.2811694465781329/(item.counter)1323
(item.sum)0.2676204921444878/(item.counter)1260
(item.sum)0.272491947573144/(item.counter)1287
(item.sum)0.26769389866967686/(item.counter)1265
(item.sum)0.27226846051053144/(item.counter)1283
(item.sum)0.27519793866667897/(item.counter)1296
(item.sum)0.2729597527941223/(item.counter)1289
(item.sum)0.2625811051548226/(item.counter)1236
(item.sum)0.2605411283147987/(item.counter)1227
(item.sum)0.2654281566210557/(item.counter)1247
LSStable_item: [0.0002131066791322964, 0.0002125241470734187, 0.00021239721598768872, 0.00021172645499078788, 0.00021161573017365758, 0.0002122123620502973, 0.00021234408847737573, 0.00021176086330032765, 0.00021244425983399885, 0.00021233995787677155, 0.00021285337339298772]
(item.sum)0.2689814458572073/(item.counter)1034
(item.sum)0.2631793940963689/(item.counter)1011
(item.sum)0.29162647351040505/(item.counter)1120
(item.sum)0.26119267324975226/(item.counter)1002
(item.sum)0.2711264041281538/(item.counter)1037
(item.sum)0.27860103161947336/(item.counter)1071
(item.sum)0.28068614965013694/(item.counter)1079
(item.sum)0.27955057242070325/(item.counter)1072
(item.sum)0.28376970904355403/(item.counter)1092
(item.sum)0.26858031502342783/(item.counter)1031
(item.sum)0.27793121596914716/(item.counter)1068
(item.sum)0.27359237127529923/(item.counter)1053
LSStable_item: [0.00026013679483288907, 0.0002603159189875064, 0.0002603807799200045, 0.0002606713305885751, 0.0002614526558612862, 0.0002601316821843822, 0.00026013544916602126, 0.0002607747877058799, 0.0002598623709190055, 0.0002605046702458078, 0.00026023522094489437, 0.00025982181507625755]
(item.sum)0.24322143086465076/(item.counter)783
(item.sum)0.264389386982657/(item.counter)851
(item.sum)0.2474166338215582/(item.counter)795
(item.sum)0.2675213151087519/(item.counter)859
(item.sum)0.25683017662959173/(item.counter)827
(item.sum)0.26434664899716154/(item.counter)849
(item.sum)0.26200153000536375/(item.counter)845
(item.sum)0.25682893017074093/(item.counter)827
(item.sum)0.24780400044983253/(item.counter)795
(item.sum)0.2622087777417619/(item.counter)842
(item.sum)0.26323220116319135/(item.counter)847
(item.sum)0.24823731652577408/(item.counter)800
(item.sum)0.26208459527697414/(item.counter)844
(item.sum)0.258636393933557/(item.counter)833
LSStable_item: [0.0003106276256253522, 0.0003106808307669295, 0.0003112158915994443, 0.00031143342853172514, 0.0003105564409063987, 0.0003113623663099665, 0.00031006098225486834, 0.00031055493370101683, 0.0003117031452199151, 0.0003114118500495984, 0.0003107818195551256, 0.0003102966456572176, 0.0003105267716551826, 0.0003104878678674153]
(item.sum)0.28118175436975434/(item.counter)772
(item.sum)0.29557147904415615/(item.counter)815
(item.sum)0.2616586926742457/(item.counter)722
(item.sum)0.27008600829867646/(item.counter)742
(item.sum)0.26503752058488317/(item.counter)729
(item.sum)0.2848473354242742/(item.counter)783
(item.sum)0.2705374169163406/(item.counter)745
(item.sum)0.2575244787731208/(item.counter)708
(item.sum)0.26298807899001986/(item.counter)723
(item.sum)0.2765351861016825/(item.counter)761
(item.sum)0.26241709597525187/(item.counter)722
(item.sum)0.28187336088740267/(item.counter)776
(item.sum)0.26994504043250345/(item.counter)744
(item.sum)0.2785049560770858/(item.counter)764
LSStable_item: [0.00036422507042714293, 0.0003626643914652223, 0.0003624081615986782, 0.0003639973157664103, 0.00036356312837432535, 0.0003637897004141433, 0.00036313747237092696, 0.0003637351395100576, 0.00036374561409408, 0.00036338395019931994, 0.0003634585816831743, 0.0003632388671229416, 0.0003628293554200315, 0.0003645352828234107]
(item.sum)0.27760756816132925/(item.counter)664
(item.sum)0.2629079961916432/(item.counter)628
(item.sum)0.25180254876613617/(item.counter)601
(item.sum)0.24686149501940235/(item.counter)590
(item.sum)0.2702888652565889/(item.counter)646
(item.sum)0.2768024249235168/(item.counter)662
(item.sum)0.2540753515204415/(item.counter)608
(item.sum)0.26556268267449923/(item.counter)635
(item.sum)0.2698610684310552/(item.counter)646
(item.sum)0.25607430169475265/(item.counter)612
(item.sum)0.25113035840331577/(item.counter)601
(item.sum)0.2604536139406264/(item.counter)623
(item.sum)0.25896827783435583/(item.counter)620
(item.sum)0.26191442730487324/(item.counter)626
(item.sum)0.24579523046850227/(item.counter)588
(item.sum)0.276044269092381/(item.counter)660
LSStable_item: [0.0004180836869899537, 0.00041864330603764836, 0.00041897262689872904, 0.0004184093135922074, 0.00041840381618667014, 0.0004181305512439831, 0.0004178870913165156, 0.00041820894909369956, 0.00041774159199853744, 0.0004184220615927331, 0.0004178541737159996, 0.0004180635857794966, 0.0004176907707005739, 0.00041839365384165056, 0.00041801909943622835, 0.00041824889256421364]
(item.sum)0.27407976376707666/(item.counter)577
(item.sum)0.2736962892813608/(item.counter)576
(item.sum)0.2807894146826584/(item.counter)592
(item.sum)0.27690375223755836/(item.counter)582
(item.sum)0.2907762848190032/(item.counter)612
(item.sum)0.2858399150427431/(item.counter)601
(item.sum)0.27749335995758884/(item.counter)585
(item.sum)0.2707809793355409/(item.counter)570
(item.sum)0.28675487771397457/(item.counter)604
(item.sum)0.25206300377612934/(item.counter)531
(item.sum)0.26387156688724644/(item.counter)555
(item.sum)0.25032566094887443/(item.counter)526
(item.sum)0.2657614022027701/(item.counter)560
(item.sum)0.2995678203878924/(item.counter)631
(item.sum)0.29374321561772376/(item.counter)617
(item.sum)0.2741664005443454/(item.counter)577
LSStable_item: [0.00047500825609545345, 0.0004751671688912514, 0.00047430644372070674, 0.00047577964301985976, 0.00047512464839706407, 0.0004756071797716191, 0.0004743476238591262, 0.00047505434971147525, 0.00047475973131452744, 0.00047469492236559195, 0.0004754442646617053, 0.00047590429838189057, 0.00047457393250494663, 0.0004747509039427772, 0.0004760830074841552, 0.0004751584064893334]
(item.sum)0.2605968484422192/(item.counter)488
(item.sum)0.2551337797776796/(item.counter)476
(item.sum)0.27132083725882694/(item.counter)507
(item.sum)0.28298364428337663/(item.counter)528
(item.sum)0.2683490235940553/(item.counter)501
(item.sum)0.2784490429330617/(item.counter)519
(item.sum)0.2728657966363244/(item.counter)511
(item.sum)0.2800468876375817/(item.counter)524
(item.sum)0.2898066522902809/(item.counter)542
(item.sum)0.28099767508683726/(item.counter)525
(item.sum)0.26703238853951916/(item.counter)499
(item.sum)0.28185620316071436/(item.counter)527
(item.sum)0.27274709718767554/(item.counter)510
(item.sum)0.2819345263997093/(item.counter)527
(item.sum)0.2524969681398943/(item.counter)473
(item.sum)0.274151069810614/(item.counter)513
(item.sum)0.25953917164588347/(item.counter)485
LSStable_item: [0.0005340099353324163, 0.0005359953356673941, 0.0005351495803921636, 0.0005359538717488194, 0.0005356267936009088, 0.0005365106800251671, 0.0005339839464507326, 0.0005344406252625604, 0.0005346986204617729, 0.000535233666832071, 0.000535135047173385, 0.0005348315050487938, 0.0005347982297797559, 0.0005349801259956533, 0.0005338202286255694, 0.0005344075434904756, 0.0005351323126719247]
(item.sum)0.2763127998332493/(item.counter)461
(item.sum)0.289965353324078/(item.counter)485
(item.sum)0.2986754195881076/(item.counter)499
(item.sum)0.26581719337264076/(item.counter)444
(item.sum)0.27484596602153033/(item.counter)461
(item.sum)0.30068702559219673/(item.counter)501
(item.sum)0.2900222658063285/(item.counter)485
(item.sum)0.28845231502782553/(item.counter)480
(item.sum)0.2876652584527619/(item.counter)480
(item.sum)0.27484099625144154/(item.counter)460
(item.sum)0.2789346450008452/(item.counter)465
(item.sum)0.27740917616756633/(item.counter)464
(item.sum)0.3254855690174736/(item.counter)544
(item.sum)0.2924598499084823/(item.counter)489
(item.sum)0.2864531258819625/(item.counter)478
(item.sum)0.27108857000712305/(item.counter)453
(item.sum)0.2816004051710479/(item.counter)470
LSStable_item: [0.000599377006145877, 0.000597866707884697, 0.0005985479350463078, 0.0005986873724609026, 0.0005961951540597188, 0.0006001737037768398, 0.0005979840532089248, 0.0006009423229746365, 0.0005993026217765874, 0.0005974804266335686, 0.0005998594516147209, 0.0005978646038094102, 0.0005983190606938853, 0.0005980774026758329, 0.0005992743219287918, 0.00059842951436451, 0.0005991497982362721]
(item.sum)0.2919144962215796/(item.counter)439
(item.sum)0.29434007819509134/(item.counter)444
(item.sum)0.26507635205052793/(item.counter)399
(item.sum)0.293769616575446/(item.counter)442
(item.sum)0.268113793048542/(item.counter)404
(item.sum)0.2787677810410969/(item.counter)420
(item.sum)0.30097787571139634/(item.counter)453
(item.sum)0.2792053484590724/(item.counter)420
(item.sum)0.2785571225103922/(item.counter)419
(item.sum)0.28611501335399225/(item.counter)430
(item.sum)0.2690777516691014/(item.counter)404
(item.sum)0.2876107334741391/(item.counter)433
(item.sum)0.2862389534711838/(item.counter)431
(item.sum)0.2721268249442801/(item.counter)410
(item.sum)0.27729531715158373/(item.counter)417
(item.sum)0.27661843318492174/(item.counter)416
(item.sum)0.27654546237317845/(item.counter)417
LSStable_item: [0.0006649532943543955, 0.0006629281040429985, 0.0006643517595251327, 0.0006646371415734072, 0.000663648002595401, 0.0006637328120026116, 0.0006644103216587115, 0.0006647746391882677, 0.0006648141348696712, 0.0006653837519860285, 0.0006660340387849045, 0.000664228021880229, 0.0006641275022533266, 0.0006637239632787319, 0.000664976779740009, 0.0006649481566945234, 0.0006631785668421545]
(item.sum)0.286600609368179/(item.counter)392
(item.sum)0.27916921861469746/(item.counter)381
(item.sum)0.2632862771861255/(item.counter)359
(item.sum)0.30122113012475893/(item.counter)409
(item.sum)0.2867503311135806/(item.counter)392
(item.sum)0.27830626792274415/(item.counter)381
(item.sum)0.28772918228060007/(item.counter)393
(item.sum)0.27632845257176086/(item.counter)376
(item.sum)0.2729316100012511/(item.counter)372
(item.sum)0.24703515850706026/(item.counter)337
(item.sum)0.2766676507308148/(item.counter)378
(item.sum)0.28034256218234077/(item.counter)383
(item.sum)0.27854470163583755/(item.counter)379
(item.sum)0.2713079120730981/(item.counter)370
(item.sum)0.27634477842366323/(item.counter)376
(item.sum)0.25567763089202344/(item.counter)350
(item.sum)0.2675183364772238/(item.counter)365
(item.sum)0.29669228225247934/(item.counter)404
LSStable_item: [0.0007311240034902526, 0.0007327276079125918, 0.0007333879587357256, 0.0007364819807451319, 0.0007315059467183179, 0.00073046264546652, 0.0007321353238692114, 0.0007349160972653214, 0.0007336871236592772, 0.000733042013374066, 0.0007319250019333724, 0.0007319649143142057, 0.000734946442310917, 0.0007332646272245895, 0.0007349595170842107, 0.0007305075168343527, 0.0007329269492526679, 0.0007343868372586122]
(item.sum)0.2899020964978263/(item.counter)359
(item.sum)0.27474323456408456/(item.counter)341
(item.sum)0.29601871757768095/(item.counter)368
(item.sum)0.289468556875363/(item.counter)359
(item.sum)0.26874108059564605/(item.counter)334
(item.sum)0.26101917860796675/(item.counter)325
(item.sum)0.2904916880070232/(item.counter)362
(item.sum)0.29427696391940117/(item.counter)365
(item.sum)0.28946615679888055/(item.counter)359
(item.sum)0.30717849789652973/(item.counter)382
(item.sum)0.28646654717158526/(item.counter)356
(item.sum)0.2705778735689819/(item.counter)336
(item.sum)0.2923930251854472/(item.counter)363
(item.sum)0.31233070691814646/(item.counter)388
(item.sum)0.25704200129257515/(item.counter)319
(item.sum)0.28083743358729407/(item.counter)349
(item.sum)0.27609226905042306/(item.counter)344
(item.sum)0.3066015826188959/(item.counter)380
(item.sum)0.2656864841119386/(item.counter)330
LSStable_item: [0.0008075267311917167, 0.000805698635085292, 0.0008043986890697852, 0.0008063190999313732, 0.0008046140137594193, 0.0008031359341783592, 0.0008024632265387381, 0.0008062382573134279, 0.0008063124144815614, 0.0008041321934464129, 0.0008046813122797339, 0.0008052912903838747, 0.0008054904275081189, 0.0008049760487581094, 0.0008057742987228061, 0.0008046917867830776, 0.0008025938053791367, 0.0008068462700497261, 0.0008051105579149656]
(item.sum)0.26281374489190057/(item.counter)298
(item.sum)0.28122805996099487/(item.counter)319
(item.sum)0.2957468658569269/(item.counter)335
(item.sum)0.25367610331159085/(item.counter)287
(item.sum)0.27128658740548417/(item.counter)307
(item.sum)0.2596865176456049/(item.counter)294
(item.sum)0.25687328772619367/(item.counter)291
(item.sum)0.29853923548944294/(item.counter)338
(item.sum)0.2746256916434504/(item.counter)311
(item.sum)0.2885724736843258/(item.counter)328
(item.sum)0.25314817670732737/(item.counter)287
(item.sum)0.2593933949829079/(item.counter)294
(item.sum)0.24514655786333606/(item.counter)278
(item.sum)0.28805442893644795/(item.counter)326
(item.sum)0.2710672275861725/(item.counter)307
(item.sum)0.2758940035710111/(item.counter)312
(item.sum)0.2882458682288416/(item.counter)327
(item.sum)0.24558249994879588/(item.counter)278
(item.sum)0.2594749242416583/(item.counter)294
(item.sum)0.2915887422277592/(item.counter)330
LSStable_item: [0.0008819253184291965, 0.0008815926644545293, 0.0008828264652445579, 0.0008838888617128601, 0.0008836696658159094, 0.0008832874749850507, 0.0008827260746604594, 0.000883252176004269, 0.0008830408091429273, 0.0008797941270863592, 0.0008820493961927783, 0.0008822904591255372, 0.0008818221505875398, 0.0008836025427498403, 0.0008829551387171743, 0.0008842756524711895, 0.0008814858355622067, 0.0008833902875855967, 0.00088256776952945, 0.0008836022491750279]
(item.sum)0.25558036810252815/(item.counter)265
(item.sum)0.2618442237144336/(item.counter)272
(item.sum)0.26449597062310204/(item.counter)275
(item.sum)0.2633427236578427/(item.counter)274
(item.sum)0.27747236157301813/(item.counter)288
(item.sum)0.2893311598454602/(item.counter)300
(item.sum)0.2863865001127124/(item.counter)298
(item.sum)0.2704027251456864/(item.counter)281
(item.sum)0.2713764678337611/(item.counter)282
(item.sum)0.28796848782803863/(item.counter)299
(item.sum)0.23363025154685602/(item.counter)243
(item.sum)0.2544049038551748/(item.counter)264
(item.sum)0.2731014776509255/(item.counter)284
(item.sum)0.27406114840414375/(item.counter)285
(item.sum)0.272077283996623/(item.counter)283
(item.sum)0.272717775311321/(item.counter)283
(item.sum)0.27867534902179614/(item.counter)290
(item.sum)0.2753330848063342/(item.counter)286
(item.sum)0.2787887363228947/(item.counter)290
(item.sum)0.24005979002686217/(item.counter)250
LSStable_item: [0.0009644542192548232, 0.0009626625871854177, 0.0009618035295385529, 0.0009611048308680391, 0.000963445699906313, 0.0009644371994848674, 0.0009610285238681623, 0.0009622872780985282, 0.0009623279001197203, 0.0009631053104616677, 0.000961441364390354, 0.000963654938845359, 0.0009616249213060758, 0.000961618064575943, 0.0009614038303767598, 0.0009636670505700389, 0.000960949479385504, 0.0009627030937284413, 0.0009613404700789472, 0.0009602391601074487]
(item.sum)0.25630854966584593/(item.counter)246
(item.sum)0.2608369829831645/(item.counter)250
(item.sum)0.28550277336034924/(item.counter)273
(item.sum)0.2500413618981838/(item.counter)239
(item.sum)0.2809214860899374/(item.counter)268
(item.sum)0.2716578708495945/(item.counter)260
(item.sum)0.2693043351173401/(item.counter)258
(item.sum)0.2762753260321915/(item.counter)265
(item.sum)0.2848267168737948/(item.counter)272
(item.sum)0.29402817133814096/(item.counter)281
(item.sum)0.2769914719974622/(item.counter)265
(item.sum)0.26983589527662843/(item.counter)258
(item.sum)0.241619446198456/(item.counter)231
(item.sum)0.2767170397564769/(item.counter)264
(item.sum)0.27819205180276185/(item.counter)266
(item.sum)0.2505668679950759/(item.counter)240
(item.sum)0.24758489232044667/(item.counter)237
(item.sum)0.26463116460945457/(item.counter)253
(item.sum)0.28099711157847196/(item.counter)269
(item.sum)0.25234716094564646/(item.counter)241
(item.sum)0.2670147417811677/(item.counter)256
LSStable_item: [0.0010419046734383981, 0.001043347931932658, 0.0010457977046166638, 0.0010461981669380076, 0.0010482145003355872, 0.0010448379648061326, 0.001043815252392791, 0.0010425484001214773, 0.0010471570473301278, 0.0010463635990681174, 0.0010452508377262724, 0.001045875563087707, 0.0010459716285647444, 0.00104817060513817, 0.0010458347812133905, 0.0010440286166461495, 0.001044661992913277, 0.0010459729826460655, 0.001044598927801011, 0.0010470836553761265, 0.0010430263350826863]
(item.sum)0.3293095346307382/(item.counter)290
(item.sum)0.27690998720936477/(item.counter)244
(item.sum)0.2776451496174559/(item.counter)244
(item.sum)0.2977462384151295/(item.counter)262
(item.sum)0.31625444698147476/(item.counter)279
(item.sum)0.31398346018977463/(item.counter)277
(item.sum)0.2704009339213371/(item.counter)238
(item.sum)0.3029865565476939/(item.counter)267
(item.sum)0.3004248917568475/(item.counter)265
(item.sum)0.29265205992851406/(item.counter)258
(item.sum)0.26679307071026415/(item.counter)235
(item.sum)0.2910855832742527/(item.counter)257
(item.sum)0.33019396499730647/(item.counter)291
(item.sum)0.2823345387587324/(item.counter)249
(item.sum)0.31959043827373534/(item.counter)282
(item.sum)0.3182551439385861/(item.counter)281
(item.sum)0.2855846837628633/(item.counter)252
(item.sum)0.2688155305804685/(item.counter)237
(item.sum)0.33103147766087204/(item.counter)292
LSStable_item: [0.0011355501194163387, 0.0011348769967596917, 0.0011378899574485898, 0.001136436024485227, 0.001133528483804569, 0.0011335142967139878, 0.0011361383778207442, 0.0011347811106655202, 0.0011336788368182926, 0.0011343103098004422, 0.0011352896625968687, 0.0011326287286935904, 0.0011346871649391974, 0.0011338736496334634, 0.0011332994265026077, 0.0011325805834113386, 0.0011332725546145369, 0.0011342427450652679, 0.0011336694440440822]
(item.sum)0.2486676472472027/(item.counter)203
(item.sum)0.2574454755522311/(item.counter)210
(item.sum)0.28582332702353597/(item.counter)233
(item.sum)0.2792922981316224/(item.counter)228
(item.sum)0.27125813625752926/(item.counter)221
(item.sum)0.2693368010222912/(item.counter)219
(item.sum)0.2740765897324309/(item.counter)223
(item.sum)0.31211560941301286/(item.counter)255
(item.sum)0.26950900617521256/(item.counter)220
(item.sum)0.2571836846182123/(item.counter)210
(item.sum)0.2966512548737228/(item.counter)242
(item.sum)0.28702030645217746/(item.counter)234
(item.sum)0.24685261386912316/(item.counter)201
(item.sum)0.2905129906721413/(item.counter)236
(item.sum)0.29168519494123757/(item.counter)238
(item.sum)0.2558540530735627/(item.counter)209
(item.sum)0.2821531464578584/(item.counter)230
(item.sum)0.27911777573172003/(item.counter)227
(item.sum)0.28937058546580374/(item.counter)236
(item.sum)0.2801053619477898/(item.counter)228
LSStable_item: [0.0012249637795428705, 0.001225930835963005, 0.001226709558040927, 0.0012249662198755367, 0.0012274123812557884, 0.0012298484064944802, 0.0012290430032844434, 0.001223982782011815, 0.0012250409371600572, 0.0012246842124676775, 0.0012258316317095984, 0.0012265825062058866, 0.0012281224570603142, 0.0012309872486107683, 0.0012255680459715864, 0.0012241820721223095, 0.0012267528106863408, 0.0012295937256903966, 0.0012261465485839142, 0.001228532289244692]
(item.sum)0.3071144634159282/(item.counter)233
(item.sum)0.28163177613168955/(item.counter)214
(item.sum)0.2927425594534725/(item.counter)222
(item.sum)0.28399006777908653/(item.counter)215
(item.sum)0.3289630654035136/(item.counter)249
(item.sum)0.2896369284717366/(item.counter)220
(item.sum)0.2979705627076328/(item.counter)226
(item.sum)0.25286176160443574/(item.counter)192
(item.sum)0.3076350948540494/(item.counter)233
(item.sum)0.2887912067817524/(item.counter)219
(item.sum)0.28960164508316666/(item.counter)220
(item.sum)0.32258077012374997/(item.counter)245
(item.sum)0.2988270733039826/(item.counter)227
(item.sum)0.32468126178719103/(item.counter)246
(item.sum)0.30115999770350754/(item.counter)228
(item.sum)0.30118713655974716/(item.counter)228
(item.sum)0.2722103879787028/(item.counter)206
(item.sum)0.2671550197992474/(item.counter)203
LSStable_item: [0.0013180878258194342, 0.0013160363370639699, 0.0013186601777183445, 0.0013208840361817978, 0.0013211368088494524, 0.0013165314930533483, 0.0013184538172904105, 0.0013169883416897694, 0.0013203222955109415, 0.0013186813095057187, 0.0013163711140143938, 0.0013166562045867345, 0.0013164188251276767, 0.0013198425275902075, 0.001320877182910121, 0.0013209962129813472, 0.0013214096503820524, 0.001316034580291859]
(item.sum)0.24789200897794217/(item.counter)175
(item.sum)0.27227313665207475/(item.counter)193
(item.sum)0.23460473213344812/(item.counter)166
(item.sum)0.2259956659981981/(item.counter)160
(item.sum)0.21765126276295632/(item.counter)154
(item.sum)0.27955158113036305/(item.counter)198
(item.sum)0.25712500838562846/(item.counter)182
(item.sum)0.2448907899670303/(item.counter)173
(item.sum)0.26567599235568196/(item.counter)188
(item.sum)0.2727477513253689/(item.counter)193
(item.sum)0.2706712383078411/(item.counter)192
(item.sum)0.2268084796378389/(item.counter)161
(item.sum)0.2539981909794733/(item.counter)180
(item.sum)0.27666704764124006/(item.counter)196
(item.sum)0.25164569506887347/(item.counter)178
(item.sum)0.22165900247637182/(item.counter)157
(item.sum)0.27717659098561853/(item.counter)196
(item.sum)0.2673113126074895/(item.counter)189
(item.sum)0.2374547318322584/(item.counter)168
(item.sum)0.26005688589066267/(item.counter)184
LSStable_item: [0.0014165257655882409, 0.0014107416406843251, 0.0014132815188761935, 0.0014124729124887381, 0.001413319888071145, 0.0014118766723755709, 0.001412774771349607, 0.0014155536992313889, 0.0014131701721046912, 0.0014132007840692688, 0.001409746032853339, 0.0014087483207319187, 0.0014111010609970738, 0.0014115665695981635, 0.0014137398599374915, 0.001411840780104279, 0.00141416628053887, 0.0014143455693517964, 0.0014134210228110618, 0.0014133526407101233]
(item.sum)0.3020747472764924/(item.counter)200
(item.sum)0.302060934365727/(item.counter)200
(item.sum)0.26456327410414815/(item.counter)175
(item.sum)0.2693927262444049/(item.counter)179
(item.sum)0.2818925934843719/(item.counter)187
(item.sum)0.28219778335187584/(item.counter)187
(item.sum)0.30388940917328/(item.counter)201
(item.sum)0.26087270211428404/(item.counter)173
(item.sum)0.2991123979445547/(item.counter)198
(item.sum)0.2579658019822091/(item.counter)171
(item.sum)0.24903973215259612/(item.counter)165
(item.sum)0.2778774461476132/(item.counter)184
(item.sum)0.29305058205500245/(item.counter)194
(item.sum)0.31934298179112375/(item.counter)211
(item.sum)0.28677854931447655/(item.counter)190
(item.sum)0.29394040012266487/(item.counter)195
(item.sum)0.27091719151940197/(item.counter)179
(item.sum)0.2644173417938873/(item.counter)175
LSStable_item: [0.0015103737363824621, 0.0015103046718286351, 0.0015117901377379895, 0.001504987297454776, 0.0015074470239805984, 0.001509079055357625, 0.0015118876078272637, 0.00150793469430222, 0.00151066867648765, 0.0015085719414164275, 0.001509331710015734, 0.001510203511671811, 0.001510570010592796, 0.0015134738473512974, 0.0015093607858656661, 0.0015073866672957173, 0.0015135038632368824, 0.0015109562388222132]
(item.sum)0.27946040080860257/(item.counter)174
(item.sum)0.21509869233705103/(item.counter)134
(item.sum)0.22933944244869053/(item.counter)143
(item.sum)0.2251965553732589/(item.counter)140
(item.sum)0.24581877805758268/(item.counter)153
(item.sum)0.2696846624603495/(item.counter)168
(item.sum)0.27017329481896013/(item.counter)168
(item.sum)0.2881170577602461/(item.counter)179
(item.sum)0.2623680018587038/(item.counter)163
(item.sum)0.28313426836393774/(item.counter)176
(item.sum)0.2540677431970835/(item.counter)158
(item.sum)0.22504671826027334/(item.counter)140
(item.sum)0.2600110861239955/(item.counter)162
(item.sum)0.2361504853470251/(item.counter)146
(item.sum)0.24660816986579448/(item.counter)153
(item.sum)0.24127160932403058/(item.counter)150
(item.sum)0.26880962075665593/(item.counter)167
(item.sum)0.26064181269612163/(item.counter)162
(item.sum)0.23119085165672004/(item.counter)144
LSStable_item: [0.0016060942575207044, 0.0016052141219182912, 0.0016037723248160177, 0.0016085468240947063, 0.0016066586801149194, 0.0016052658479782708, 0.0016081743739223817, 0.0016095925014538888, 0.0016096196433049313, 0.0016087174338860098, 0.0016080236911207816, 0.0016074765590019524, 0.001605006704469108, 0.00161746907771935, 0.0016118181036980032, 0.001608477395493537, 0.0016096384476446462, 0.0016089000783711211, 0.0016054920253938893]
(item.sum)0.24974665383342654/(item.counter)146
(item.sum)0.25832905888091773/(item.counter)151
(item.sum)0.2482765696477145/(item.counter)145
(item.sum)0.2668292705202475/(item.counter)156
(item.sum)0.26349028781987727/(item.counter)154
(item.sum)0.2987711998866871/(item.counter)175
(item.sum)0.24935020739212632/(item.counter)146
(item.sum)0.24460945650935173/(item.counter)143
(item.sum)0.268942212453112/(item.counter)157
(item.sum)0.29580860876012594/(item.counter)173
(item.sum)0.265101243625395/(item.counter)155
(item.sum)0.24878188129514456/(item.counter)145
(item.sum)0.25328935019206256/(item.counter)148
(item.sum)0.2617398308357224/(item.counter)153
(item.sum)0.28060764423571527/(item.counter)164
(item.sum)0.2669683853164315/(item.counter)156
(item.sum)0.26896627247333527/(item.counter)157
(item.sum)0.2631978360004723/(item.counter)154
LSStable_item: [0.0017105935194070311, 0.0017107884694100512, 0.0017122522044669965, 0.0017104440417964584, 0.001710975894934268, 0.0017072639993524978, 0.001707878132822783, 0.0017105556399255365, 0.0017130077226312867, 0.0017098763512146007, 0.0017103306040348065, 0.0017157371123803073, 0.001711414528324747, 0.0017107178485994928, 0.0017110222209494833, 0.0017113358033104585, 0.0017131609711677404, 0.001709076857145924]
(item.sum)0.30701350094750524/(item.counter)169
(item.sum)0.2596614755457267/(item.counter)143
(item.sum)0.255905375466682/(item.counter)141
(item.sum)0.2737772880354896/(item.counter)151
(item.sum)0.2927548496518284/(item.counter)161
(item.sum)0.27660237764939666/(item.counter)152
(item.sum)0.2937707976670936/(item.counter)162
(item.sum)0.2579001560807228/(item.counter)142
(item.sum)0.2942507825791836/(item.counter)162
(item.sum)0.2903392072767019/(item.counter)160
(item.sum)0.27266915631480515/(item.counter)150
(item.sum)0.2750360486097634/(item.counter)151
(item.sum)0.3102474925108254/(item.counter)171
(item.sum)0.25952067342586815/(item.counter)143
(item.sum)0.2649846355197951/(item.counter)146
(item.sum)0.2978330353507772/(item.counter)164
LSStable_item: [0.0018166479346006226, 0.0018158145143057811, 0.001814931740898454, 0.001813094622751587, 0.0018183531034275057, 0.0018197524845355044, 0.001813399985599343, 0.0018161982822586114, 0.0018163628554270592, 0.001814620045479387, 0.0018177943754320344, 0.0018214307854951218, 0.0018143128217007333, 0.00181482988409698, 0.0018149632569848982, 0.0018160550936023]
(item.sum)0.29194462310988456/(item.counter)152
(item.sum)0.2479412229731679/(item.counter)129
(item.sum)0.23259121202863753/(item.counter)121
(item.sum)0.25391996395774186/(item.counter)132
(item.sum)0.2613022261066362/(item.counter)136
(item.sum)0.2506724325940013/(item.counter)130
(item.sum)0.26359292678534985/(item.counter)137
(item.sum)0.23432192322798073/(item.counter)122
(item.sum)0.2768425241811201/(item.counter)144
(item.sum)0.21570989105384797/(item.counter)112
(item.sum)0.26758506579790264/(item.counter)139
(item.sum)0.26340496574994177/(item.counter)137
(item.sum)0.2969258294906467/(item.counter)154
(item.sum)0.2867277587065473/(item.counter)149
(item.sum)0.3075935555389151/(item.counter)160
(item.sum)0.2788389736087993/(item.counter)145
LSStable_item: [0.0019206883099334511, 0.0019220249842881233, 0.0019222414217242771, 0.0019236360905889535, 0.0019213398978429135, 0.0019282494814923177, 0.0019240359619368602, 0.0019206715018686945, 0.0019225175290355561, 0.0019259811701236426, 0.0019250724158122493, 0.0019226639835762172, 0.0019280898018873163, 0.001924347373869445, 0.0019224597221182194, 0.0019230274041986157]
(item.sum)0.2479751950595528/(item.counter)123
(item.sum)0.21959357056766748/(item.counter)109
(item.sum)0.21000160463154316/(item.counter)104
(item.sum)0.20974775473587215/(item.counter)104
(item.sum)0.1937476834282279/(item.counter)96
(item.sum)0.18966194498352706/(item.counter)94
(item.sum)0.1996702563483268/(item.counter)99
(item.sum)0.18973196879960597/(item.counter)94
(item.sum)0.207836149726063/(item.counter)103
(item.sum)0.20353433350101113/(item.counter)101
(item.sum)0.2199091026559472/(item.counter)109
(item.sum)0.1674904925748706/(item.counter)83
(item.sum)0.19743209378793836/(item.counter)98
(item.sum)0.18985046888701618/(item.counter)94
(item.sum)0.2054979035165161/(item.counter)102
LSStable_item: [0.0020160584964191283, 0.0020146199134648394, 0.0020192461983802226, 0.0020168053339987705, 0.0020182050357107073, 0.0020176802657822027, 0.0020168712762457255, 0.002018425199995808, 0.002017826696369544, 0.0020151914208020906, 0.0020175147032655705, 0.0020179577418659106, 0.0020146132019177383, 0.0020196858392235763, 0.002014685328593295]
(item.sum)1.6582422945648432/(item.counter)573
(item.sum)1.6079503109212965/(item.counter)544
(item.sum)1.5977871578652412/(item.counter)547
(item.sum)1.6965848999097943/(item.counter)584
(item.sum)1.6706919255666435/(item.counter)574
(item.sum)1.671379137551412/(item.counter)570
(item.sum)1.7081367906648666/(item.counter)578
(item.sum)1.6448462379630655/(item.counter)555
(item.sum)1.6496497257612646/(item.counter)564
(item.sum)1.6171088523697108/(item.counter)560
(item.sum)1.5964142971206456/(item.counter)551
(item.sum)1.7606549139600247/(item.counter)596
(item.sum)1.7234231843613088/(item.counter)593
(item.sum)1.5413519784342498/(item.counter)540
(item.sum)1.66009087767452/(item.counter)571
(item.sum)1.7709766232874244/(item.counter)606
(item.sum)1.7312383626122028/(item.counter)588
(item.sum)1.630572970258072/(item.counter)551
(item.sum)1.6384319986682385/(item.counter)571
(item.sum)1.6136917069088668/(item.counter)561
(item.sum)1.6478955002967268/(item.counter)559
(item.sum)1.6707073114812374/(item.counter)583
(item.sum)1.6928751254454255/(item.counter)580
(item.sum)1.8207596379797906/(item.counter)617
(item.sum)1.6803119729738683/(item.counter)571
(item.sum)1.641318378970027/(item.counter)576
LSStable_item: [0.0028939656100608084, 0.0029557910127229713, 0.002921000288601903, 0.0029051111299825245, 0.002910613110743281, 0.0029322441009673895, 0.0029552539630880044, 0.0029636869152487666, 0.002924910861278838, 0.0028876943792316262, 0.0028973036245383767, 0.0029541189831544037, 0.002906278557101701, 0.002854355515618981, 0.0029073395405858496, 0.0029224036687911293, 0.00294428292961259, 0.002959297586675267, 0.0028694080537097, 0.002876455805541652, 0.002947934705360871, 0.0028657072238100125, 0.002918750216285216, 0.0029509880680385586, 0.0029427530174673698, 0.0028495110746007413]
get lsstable time: 0.0033540725708007812
encode index time: 0.25177812576293945
size of coded data 640, size of encoded index 405232
code size 436208, 30869,405242
encode time 40.26696014404297, decode_time 2.080751895904541, decode shape (256, 256, 3, 3)
[0.05396933 0.09550587 0.03927473 ... 0.16573052 0.12600307 0.20840326] 294597 [-0.11336435 -0.60667145 -2.343564   ... -0.0320731  -0.04918594
 -0.0158113 ] 295227
mean error0.1964079737663269, positive error 2.874788761138916, negative error 2.476256847381592, big num error 0.2095188945531845, small num error 2.8050923347473145
121589.07 99198.03 121589.07 0.7258955
